{"/Users/kimemiathuku/Desktop/gnnovation/hosi/backend/src/app.js": {"path":"/Users/kimemiathuku/Desktop/gnnovation/hosi/backend/src/app.js","statementMap":{"0":{"start":{"line":1,"column":16},"end":{"line":1,"column":34}},"1":{"start":{"line":2,"column":15},"end":{"line":2,"column":32}},"2":{"start":{"line":3,"column":13},"end":{"line":3,"column":28}},"3":{"start":{"line":4,"column":18},"end":{"line":4,"column":47}},"4":{"start":{"line":5,"column":17},"end":{"line":5,"column":37}},"5":{"start":{"line":6,"column":15},"end":{"line":6,"column":38}},"6":{"start":{"line":7,"column":15},"end":{"line":7,"column":40}},"7":{"start":{"line":8,"column":15},"end":{"line":8,"column":34}},"8":{"start":{"line":9,"column":35},"end":{"line":9,"column":72}},"9":{"start":{"line":11,"column":12},"end":{"line":11,"column":21}},"10":{"start":{"line":14,"column":0},"end":{"line":14,"column":18}},"11":{"start":{"line":17,"column":0},"end":{"line":22,"column":4}},"12":{"start":{"line":25,"column":16},"end":{"line":31,"column":2}},"13":{"start":{"line":35,"column":0},"end":{"line":49,"column":4}},"14":{"start":{"line":38,"column":21},"end":{"line":38,"column":42}},"15":{"start":{"line":52,"column":0},"end":{"line":52,"column":41}},"16":{"start":{"line":53,"column":0},"end":{"line":53,"column":63}},"17":{"start":{"line":56,"column":0},"end":{"line":56,"column":27}},"18":{"start":{"line":59,"column":0},"end":{"line":59,"column":18}},"19":{"start":{"line":62,"column":0},"end":{"line":62,"column":22}},"20":{"start":{"line":64,"column":0},"end":{"line":64,"column":21}}},"fnMap":{"0":{"name":"(anonymous_0)","decl":{"start":{"line":38,"column":12},"end":{"line":38,"column":13}},"loc":{"start":{"line":38,"column":21},"end":{"line":38,"column":42}},"line":38}},"branchMap":{"0":{"loc":{"start":{"line":18,"column":10},"end":{"line":20,"column":9}},"type":"cond-expr","locations":[{"start":{"line":19,"column":6},"end":{"line":19,"column":32}},{"start":{"line":20,"column":6},"end":{"line":20,"column":9}}],"line":18}},"s":{"0":1,"1":1,"2":1,"3":1,"4":1,"5":1,"6":1,"7":1,"8":1,"9":1,"10":1,"11":1,"12":1,"13":1,"14":17,"15":1,"16":1,"17":1,"18":1,"19":1,"20":1},"f":{"0":17},"b":{"0":[0,1]},"_coverageSchema":"1a1c01bbd47fc00a2c39e90264f33305004495a9","hash":"23285f61d743a920a485dc9365d5756c6f9abd4c"}
,"/Users/kimemiathuku/Desktop/gnnovation/hosi/backend/src/controllers/audit.controller.js": {"path":"/Users/kimemiathuku/Desktop/gnnovation/hosi/backend/src/controllers/audit.controller.js","statementMap":{"0":{"start":{"line":1,"column":21},"end":{"line":1,"column":57}},"1":{"start":{"line":2,"column":19},"end":{"line":2,"column":49}},"2":{"start":{"line":8,"column":21},"end":{"line":15,"column":2}},"3":{"start":{"line":9,"column":17},"end":{"line":9,"column":59}},"4":{"start":{"line":11,"column":2},"end":{"line":14,"column":5}},"5":{"start":{"line":17,"column":0},"end":{"line":19,"column":2}}},"fnMap":{"0":{"name":"(anonymous_0)","decl":{"start":{"line":8,"column":32},"end":{"line":8,"column":33}},"loc":{"start":{"line":8,"column":52},"end":{"line":15,"column":1}},"line":8}},"branchMap":{},"s":{"0":1,"1":1,"2":1,"3":0,"4":0,"5":1},"f":{"0":0},"b":{},"_coverageSchema":"1a1c01bbd47fc00a2c39e90264f33305004495a9","hash":"387358c8a5419b9045a4d63553b763605b40301e"}
,"/Users/kimemiathuku/Desktop/gnnovation/hosi/backend/src/controllers/auth.controller.js": {"path":"/Users/kimemiathuku/Desktop/gnnovation/hosi/backend/src/controllers/auth.controller.js","statementMap":{"0":{"start":{"line":1,"column":20},"end":{"line":1,"column":55}},"1":{"start":{"line":2,"column":19},"end":{"line":2,"column":49}},"2":{"start":{"line":9,"column":17},"end":{"line":17,"column":2}},"3":{"start":{"line":10,"column":15},"end":{"line":10,"column":51}},"4":{"start":{"line":12,"column":2},"end":{"line":16,"column":5}},"5":{"start":{"line":24,"column":14},"end":{"line":33,"column":2}},"6":{"start":{"line":25,"column":30},"end":{"line":25,"column":38}},"7":{"start":{"line":26,"column":17},"end":{"line":26,"column":57}},"8":{"start":{"line":28,"column":2},"end":{"line":32,"column":5}},"9":{"start":{"line":40,"column":16},"end":{"line":48,"column":2}},"10":{"start":{"line":41,"column":27},"end":{"line":41,"column":35}},"11":{"start":{"line":42,"column":17},"end":{"line":42,"column":61}},"12":{"start":{"line":44,"column":2},"end":{"line":47,"column":5}},"13":{"start":{"line":50,"column":0},"end":{"line":54,"column":2}}},"fnMap":{"0":{"name":"(anonymous_0)","decl":{"start":{"line":9,"column":28},"end":{"line":9,"column":29}},"loc":{"start":{"line":9,"column":48},"end":{"line":17,"column":1}},"line":9},"1":{"name":"(anonymous_1)","decl":{"start":{"line":24,"column":25},"end":{"line":24,"column":26}},"loc":{"start":{"line":24,"column":45},"end":{"line":33,"column":1}},"line":24},"2":{"name":"(anonymous_2)","decl":{"start":{"line":40,"column":27},"end":{"line":40,"column":28}},"loc":{"start":{"line":40,"column":47},"end":{"line":48,"column":1}},"line":40}},"branchMap":{},"s":{"0":1,"1":1,"2":1,"3":0,"4":0,"5":1,"6":1,"7":1,"8":1,"9":1,"10":0,"11":0,"12":0,"13":1},"f":{"0":0,"1":1,"2":0},"b":{},"_coverageSchema":"1a1c01bbd47fc00a2c39e90264f33305004495a9","hash":"1e900efa1bd6a6e6b73a9f8e70558fb785d60a25"}
,"/Users/kimemiathuku/Desktop/gnnovation/hosi/backend/src/controllers/department.controller.js": {"path":"/Users/kimemiathuku/Desktop/gnnovation/hosi/backend/src/controllers/department.controller.js","statementMap":{"0":{"start":{"line":1,"column":26},"end":{"line":1,"column":67}},"1":{"start":{"line":2,"column":19},"end":{"line":2,"column":49}},"2":{"start":{"line":8,"column":26},"end":{"line":15,"column":2}},"3":{"start":{"line":9,"column":22},"end":{"line":9,"column":65}},"4":{"start":{"line":11,"column":2},"end":{"line":14,"column":5}},"5":{"start":{"line":21,"column":22},"end":{"line":28,"column":2}},"6":{"start":{"line":22,"column":21},"end":{"line":22,"column":77}},"7":{"start":{"line":24,"column":2},"end":{"line":27,"column":5}},"8":{"start":{"line":34,"column":25},"end":{"line":42,"column":2}},"9":{"start":{"line":35,"column":21},"end":{"line":35,"column":71}},"10":{"start":{"line":37,"column":2},"end":{"line":41,"column":5}},"11":{"start":{"line":48,"column":25},"end":{"line":59,"column":2}},"12":{"start":{"line":49,"column":21},"end":{"line":52,"column":3}},"13":{"start":{"line":54,"column":2},"end":{"line":58,"column":5}},"14":{"start":{"line":65,"column":25},"end":{"line":72,"column":2}},"15":{"start":{"line":66,"column":17},"end":{"line":66,"column":72}},"16":{"start":{"line":68,"column":2},"end":{"line":71,"column":5}},"17":{"start":{"line":74,"column":0},"end":{"line":80,"column":2}}},"fnMap":{"0":{"name":"(anonymous_0)","decl":{"start":{"line":8,"column":37},"end":{"line":8,"column":38}},"loc":{"start":{"line":8,"column":57},"end":{"line":15,"column":1}},"line":8},"1":{"name":"(anonymous_1)","decl":{"start":{"line":21,"column":33},"end":{"line":21,"column":34}},"loc":{"start":{"line":21,"column":53},"end":{"line":28,"column":1}},"line":21},"2":{"name":"(anonymous_2)","decl":{"start":{"line":34,"column":36},"end":{"line":34,"column":37}},"loc":{"start":{"line":34,"column":56},"end":{"line":42,"column":1}},"line":34},"3":{"name":"(anonymous_3)","decl":{"start":{"line":48,"column":36},"end":{"line":48,"column":37}},"loc":{"start":{"line":48,"column":56},"end":{"line":59,"column":1}},"line":48},"4":{"name":"(anonymous_4)","decl":{"start":{"line":65,"column":36},"end":{"line":65,"column":37}},"loc":{"start":{"line":65,"column":56},"end":{"line":72,"column":1}},"line":65}},"branchMap":{},"s":{"0":1,"1":1,"2":1,"3":0,"4":0,"5":1,"6":0,"7":0,"8":1,"9":0,"10":0,"11":1,"12":0,"13":0,"14":1,"15":0,"16":0,"17":1},"f":{"0":0,"1":0,"2":0,"3":0,"4":0},"b":{},"_coverageSchema":"1a1c01bbd47fc00a2c39e90264f33305004495a9","hash":"5621aed6b234b7d0941b8fa97227927a7cad69ca"}
,"/Users/kimemiathuku/Desktop/gnnovation/hosi/backend/src/controllers/doctor.controller.js": {"path":"/Users/kimemiathuku/Desktop/gnnovation/hosi/backend/src/controllers/doctor.controller.js","statementMap":{"0":{"start":{"line":1,"column":22},"end":{"line":1,"column":59}},"1":{"start":{"line":2,"column":19},"end":{"line":2,"column":49}},"2":{"start":{"line":8,"column":22},"end":{"line":15,"column":2}},"3":{"start":{"line":9,"column":18},"end":{"line":9,"column":53}},"4":{"start":{"line":11,"column":2},"end":{"line":14,"column":5}},"5":{"start":{"line":21,"column":18},"end":{"line":28,"column":2}},"6":{"start":{"line":22,"column":17},"end":{"line":22,"column":65}},"7":{"start":{"line":24,"column":2},"end":{"line":27,"column":5}},"8":{"start":{"line":34,"column":21},"end":{"line":42,"column":2}},"9":{"start":{"line":35,"column":17},"end":{"line":35,"column":59}},"10":{"start":{"line":37,"column":2},"end":{"line":41,"column":5}},"11":{"start":{"line":48,"column":21},"end":{"line":56,"column":2}},"12":{"start":{"line":49,"column":17},"end":{"line":49,"column":74}},"13":{"start":{"line":51,"column":2},"end":{"line":55,"column":5}},"14":{"start":{"line":62,"column":21},"end":{"line":69,"column":2}},"15":{"start":{"line":63,"column":17},"end":{"line":63,"column":64}},"16":{"start":{"line":65,"column":2},"end":{"line":68,"column":5}},"17":{"start":{"line":71,"column":0},"end":{"line":77,"column":2}}},"fnMap":{"0":{"name":"(anonymous_0)","decl":{"start":{"line":8,"column":33},"end":{"line":8,"column":34}},"loc":{"start":{"line":8,"column":53},"end":{"line":15,"column":1}},"line":8},"1":{"name":"(anonymous_1)","decl":{"start":{"line":21,"column":29},"end":{"line":21,"column":30}},"loc":{"start":{"line":21,"column":49},"end":{"line":28,"column":1}},"line":21},"2":{"name":"(anonymous_2)","decl":{"start":{"line":34,"column":32},"end":{"line":34,"column":33}},"loc":{"start":{"line":34,"column":52},"end":{"line":42,"column":1}},"line":34},"3":{"name":"(anonymous_3)","decl":{"start":{"line":48,"column":32},"end":{"line":48,"column":33}},"loc":{"start":{"line":48,"column":52},"end":{"line":56,"column":1}},"line":48},"4":{"name":"(anonymous_4)","decl":{"start":{"line":62,"column":32},"end":{"line":62,"column":33}},"loc":{"start":{"line":62,"column":52},"end":{"line":69,"column":1}},"line":62}},"branchMap":{},"s":{"0":1,"1":1,"2":1,"3":0,"4":0,"5":1,"6":0,"7":0,"8":1,"9":0,"10":0,"11":1,"12":0,"13":0,"14":1,"15":0,"16":0,"17":1},"f":{"0":0,"1":0,"2":0,"3":0,"4":0},"b":{},"_coverageSchema":"1a1c01bbd47fc00a2c39e90264f33305004495a9","hash":"7711f8726f14a2babb59be7e0cece41302409a12"}
,"/Users/kimemiathuku/Desktop/gnnovation/hosi/backend/src/controllers/inventory.controller.js": {"path":"/Users/kimemiathuku/Desktop/gnnovation/hosi/backend/src/controllers/inventory.controller.js","statementMap":{"0":{"start":{"line":1,"column":25},"end":{"line":1,"column":65}},"1":{"start":{"line":2,"column":19},"end":{"line":2,"column":49}},"2":{"start":{"line":8,"column":24},"end":{"line":15,"column":2}},"3":{"start":{"line":9,"column":17},"end":{"line":9,"column":66}},"4":{"start":{"line":11,"column":2},"end":{"line":14,"column":5}},"5":{"start":{"line":21,"column":21},"end":{"line":28,"column":2}},"6":{"start":{"line":22,"column":15},"end":{"line":22,"column":69}},"7":{"start":{"line":24,"column":2},"end":{"line":27,"column":5}},"8":{"start":{"line":34,"column":24},"end":{"line":42,"column":2}},"9":{"start":{"line":35,"column":15},"end":{"line":35,"column":63}},"10":{"start":{"line":37,"column":2},"end":{"line":41,"column":5}},"11":{"start":{"line":48,"column":24},"end":{"line":56,"column":2}},"12":{"start":{"line":49,"column":15},"end":{"line":49,"column":78}},"13":{"start":{"line":51,"column":2},"end":{"line":55,"column":5}},"14":{"start":{"line":62,"column":24},"end":{"line":69,"column":2}},"15":{"start":{"line":63,"column":17},"end":{"line":63,"column":70}},"16":{"start":{"line":65,"column":2},"end":{"line":68,"column":5}},"17":{"start":{"line":71,"column":0},"end":{"line":77,"column":2}}},"fnMap":{"0":{"name":"(anonymous_0)","decl":{"start":{"line":8,"column":35},"end":{"line":8,"column":36}},"loc":{"start":{"line":8,"column":55},"end":{"line":15,"column":1}},"line":8},"1":{"name":"(anonymous_1)","decl":{"start":{"line":21,"column":32},"end":{"line":21,"column":33}},"loc":{"start":{"line":21,"column":52},"end":{"line":28,"column":1}},"line":21},"2":{"name":"(anonymous_2)","decl":{"start":{"line":34,"column":35},"end":{"line":34,"column":36}},"loc":{"start":{"line":34,"column":55},"end":{"line":42,"column":1}},"line":34},"3":{"name":"(anonymous_3)","decl":{"start":{"line":48,"column":35},"end":{"line":48,"column":36}},"loc":{"start":{"line":48,"column":55},"end":{"line":56,"column":1}},"line":48},"4":{"name":"(anonymous_4)","decl":{"start":{"line":62,"column":35},"end":{"line":62,"column":36}},"loc":{"start":{"line":62,"column":55},"end":{"line":69,"column":1}},"line":62}},"branchMap":{},"s":{"0":1,"1":1,"2":1,"3":0,"4":0,"5":1,"6":0,"7":0,"8":1,"9":0,"10":0,"11":1,"12":0,"13":0,"14":1,"15":0,"16":0,"17":1},"f":{"0":0,"1":0,"2":0,"3":0,"4":0},"b":{},"_coverageSchema":"1a1c01bbd47fc00a2c39e90264f33305004495a9","hash":"6c16df9a0f4d2e5253bc6b5ab33a5ba4118aca37"}
,"/Users/kimemiathuku/Desktop/gnnovation/hosi/backend/src/controllers/patient.controller.js": {"path":"/Users/kimemiathuku/Desktop/gnnovation/hosi/backend/src/controllers/patient.controller.js","statementMap":{"0":{"start":{"line":1,"column":23},"end":{"line":1,"column":61}},"1":{"start":{"line":2,"column":19},"end":{"line":2,"column":49}},"2":{"start":{"line":8,"column":23},"end":{"line":15,"column":2}},"3":{"start":{"line":9,"column":17},"end":{"line":9,"column":63}},"4":{"start":{"line":11,"column":2},"end":{"line":14,"column":5}},"5":{"start":{"line":21,"column":19},"end":{"line":28,"column":2}},"6":{"start":{"line":22,"column":18},"end":{"line":22,"column":68}},"7":{"start":{"line":24,"column":2},"end":{"line":27,"column":5}},"8":{"start":{"line":34,"column":22},"end":{"line":42,"column":2}},"9":{"start":{"line":35,"column":18},"end":{"line":35,"column":75}},"10":{"start":{"line":37,"column":2},"end":{"line":41,"column":5}},"11":{"start":{"line":48,"column":22},"end":{"line":60,"column":2}},"12":{"start":{"line":49,"column":18},"end":{"line":53,"column":3}},"13":{"start":{"line":55,"column":2},"end":{"line":59,"column":5}},"14":{"start":{"line":66,"column":22},"end":{"line":73,"column":2}},"15":{"start":{"line":67,"column":17},"end":{"line":67,"column":79}},"16":{"start":{"line":69,"column":2},"end":{"line":72,"column":5}},"17":{"start":{"line":79,"column":26},"end":{"line":86,"column":2}},"18":{"start":{"line":80,"column":18},"end":{"line":80,"column":71}},"19":{"start":{"line":82,"column":2},"end":{"line":85,"column":5}},"20":{"start":{"line":88,"column":0},"end":{"line":95,"column":2}}},"fnMap":{"0":{"name":"(anonymous_0)","decl":{"start":{"line":8,"column":34},"end":{"line":8,"column":35}},"loc":{"start":{"line":8,"column":54},"end":{"line":15,"column":1}},"line":8},"1":{"name":"(anonymous_1)","decl":{"start":{"line":21,"column":30},"end":{"line":21,"column":31}},"loc":{"start":{"line":21,"column":50},"end":{"line":28,"column":1}},"line":21},"2":{"name":"(anonymous_2)","decl":{"start":{"line":34,"column":33},"end":{"line":34,"column":34}},"loc":{"start":{"line":34,"column":53},"end":{"line":42,"column":1}},"line":34},"3":{"name":"(anonymous_3)","decl":{"start":{"line":48,"column":33},"end":{"line":48,"column":34}},"loc":{"start":{"line":48,"column":53},"end":{"line":60,"column":1}},"line":48},"4":{"name":"(anonymous_4)","decl":{"start":{"line":66,"column":33},"end":{"line":66,"column":34}},"loc":{"start":{"line":66,"column":53},"end":{"line":73,"column":1}},"line":66},"5":{"name":"(anonymous_5)","decl":{"start":{"line":79,"column":37},"end":{"line":79,"column":38}},"loc":{"start":{"line":79,"column":57},"end":{"line":86,"column":1}},"line":79}},"branchMap":{},"s":{"0":1,"1":1,"2":1,"3":10,"4":10,"5":1,"6":2,"7":1,"8":1,"9":1,"10":1,"11":1,"12":1,"13":1,"14":1,"15":0,"16":0,"17":1,"18":0,"19":0,"20":1},"f":{"0":10,"1":2,"2":1,"3":1,"4":0,"5":0},"b":{},"_coverageSchema":"1a1c01bbd47fc00a2c39e90264f33305004495a9","hash":"5db29beb361a7d4ba1e8d477228947c7a7c3e650"}
,"/Users/kimemiathuku/Desktop/gnnovation/hosi/backend/src/controllers/prescription.controller.js": {"path":"/Users/kimemiathuku/Desktop/gnnovation/hosi/backend/src/controllers/prescription.controller.js","statementMap":{"0":{"start":{"line":1,"column":28},"end":{"line":1,"column":71}},"1":{"start":{"line":2,"column":19},"end":{"line":2,"column":49}},"2":{"start":{"line":8,"column":28},"end":{"line":15,"column":2}},"3":{"start":{"line":9,"column":17},"end":{"line":9,"column":73}},"4":{"start":{"line":11,"column":2},"end":{"line":14,"column":5}},"5":{"start":{"line":21,"column":24},"end":{"line":28,"column":2}},"6":{"start":{"line":22,"column":23},"end":{"line":22,"column":83}},"7":{"start":{"line":24,"column":2},"end":{"line":27,"column":5}},"8":{"start":{"line":34,"column":27},"end":{"line":45,"column":2}},"9":{"start":{"line":35,"column":23},"end":{"line":38,"column":3}},"10":{"start":{"line":40,"column":2},"end":{"line":44,"column":5}},"11":{"start":{"line":51,"column":27},"end":{"line":63,"column":2}},"12":{"start":{"line":52,"column":23},"end":{"line":56,"column":3}},"13":{"start":{"line":58,"column":2},"end":{"line":62,"column":5}},"14":{"start":{"line":65,"column":0},"end":{"line":70,"column":2}}},"fnMap":{"0":{"name":"(anonymous_0)","decl":{"start":{"line":8,"column":39},"end":{"line":8,"column":40}},"loc":{"start":{"line":8,"column":59},"end":{"line":15,"column":1}},"line":8},"1":{"name":"(anonymous_1)","decl":{"start":{"line":21,"column":35},"end":{"line":21,"column":36}},"loc":{"start":{"line":21,"column":55},"end":{"line":28,"column":1}},"line":21},"2":{"name":"(anonymous_2)","decl":{"start":{"line":34,"column":38},"end":{"line":34,"column":39}},"loc":{"start":{"line":34,"column":58},"end":{"line":45,"column":1}},"line":34},"3":{"name":"(anonymous_3)","decl":{"start":{"line":51,"column":38},"end":{"line":51,"column":39}},"loc":{"start":{"line":51,"column":58},"end":{"line":63,"column":1}},"line":51}},"branchMap":{},"s":{"0":1,"1":1,"2":1,"3":0,"4":0,"5":1,"6":0,"7":0,"8":1,"9":0,"10":0,"11":1,"12":0,"13":0,"14":1},"f":{"0":0,"1":0,"2":0,"3":0},"b":{},"_coverageSchema":"1a1c01bbd47fc00a2c39e90264f33305004495a9","hash":"4885f588513a081864e5354d27f46666758bcc36"}
,"/Users/kimemiathuku/Desktop/gnnovation/hosi/backend/src/middlewares/audit.js": {"path":"/Users/kimemiathuku/Desktop/gnnovation/hosi/backend/src/middlewares/audit.js","statementMap":{"0":{"start":{"line":1,"column":11},"end":{"line":1,"column":40}},"1":{"start":{"line":2,"column":15},"end":{"line":2,"column":41}},"2":{"start":{"line":12,"column":23},"end":{"line":25,"column":1}},"3":{"start":{"line":13,"column":2},"end":{"line":24,"column":3}},"4":{"start":{"line":14,"column":4},"end":{"line":20,"column":7}},"5":{"start":{"line":23,"column":4},"end":{"line":23,"column":55}},"6":{"start":{"line":31,"column":24},"end":{"line":65,"column":1}},"7":{"start":{"line":32,"column":2},"end":{"line":64,"column":4}},"8":{"start":{"line":34,"column":25},"end":{"line":34,"column":43}},"9":{"start":{"line":37,"column":4},"end":{"line":61,"column":6}},"10":{"start":{"line":39,"column":6},"end":{"line":57,"column":7}},"11":{"start":{"line":40,"column":23},"end":{"line":40,"column":35}},"12":{"start":{"line":41,"column":23},"end":{"line":41,"column":33}},"13":{"start":{"line":44,"column":8},"end":{"line":46,"column":56}},"14":{"start":{"line":44,"column":31},"end":{"line":44,"column":49}},"15":{"start":{"line":45,"column":13},"end":{"line":46,"column":56}},"16":{"start":{"line":45,"column":57},"end":{"line":45,"column":75}},"17":{"start":{"line":46,"column":13},"end":{"line":46,"column":56}},"18":{"start":{"line":46,"column":38},"end":{"line":46,"column":56}},"19":{"start":{"line":49,"column":8},"end":{"line":56,"column":9}},"20":{"start":{"line":50,"column":27},"end":{"line":50,"column":58}},"21":{"start":{"line":51,"column":26},"end":{"line":51,"column":63}},"22":{"start":{"line":54,"column":10},"end":{"line":55,"column":65}},"23":{"start":{"line":55,"column":26},"end":{"line":55,"column":63}},"24":{"start":{"line":60,"column":6},"end":{"line":60,"column":32}},"25":{"start":{"line":63,"column":4},"end":{"line":63,"column":11}},"26":{"start":{"line":67,"column":0},"end":{"line":70,"column":2}}},"fnMap":{"0":{"name":"(anonymous_0)","decl":{"start":{"line":12,"column":23},"end":{"line":12,"column":24}},"loc":{"start":{"line":12,"column":87},"end":{"line":25,"column":1}},"line":12},"1":{"name":"(anonymous_1)","decl":{"start":{"line":31,"column":24},"end":{"line":31,"column":25}},"loc":{"start":{"line":31,"column":40},"end":{"line":65,"column":1}},"line":31},"2":{"name":"(anonymous_2)","decl":{"start":{"line":32,"column":9},"end":{"line":32,"column":10}},"loc":{"start":{"line":32,"column":35},"end":{"line":64,"column":3}},"line":32},"3":{"name":"(anonymous_3)","decl":{"start":{"line":37,"column":15},"end":{"line":37,"column":16}},"loc":{"start":{"line":37,"column":31},"end":{"line":61,"column":5}},"line":37},"4":{"name":"(anonymous_4)","decl":{"start":{"line":55,"column":19},"end":{"line":55,"column":20}},"loc":{"start":{"line":55,"column":26},"end":{"line":55,"column":63}},"line":55}},"branchMap":{"0":{"loc":{"start":{"line":12,"column":68},"end":{"line":12,"column":82}},"type":"default-arg","locations":[{"start":{"line":12,"column":78},"end":{"line":12,"column":82}}],"line":12},"1":{"loc":{"start":{"line":19,"column":15},"end":{"line":19,"column":55}},"type":"cond-expr","locations":[{"start":{"line":19,"column":25},"end":{"line":19,"column":48}},{"start":{"line":19,"column":51},"end":{"line":19,"column":55}}],"line":19},"2":{"loc":{"start":{"line":39,"column":6},"end":{"line":57,"column":7}},"type":"if","locations":[{"start":{"line":39,"column":6},"end":{"line":57,"column":7}},{"start":{},"end":{}}],"line":39},"3":{"loc":{"start":{"line":39,"column":10},"end":{"line":39,"column":55}},"type":"binary-expr","locations":[{"start":{"line":39,"column":10},"end":{"line":39,"column":31}},{"start":{"line":39,"column":35},"end":{"line":39,"column":55}}],"line":39},"4":{"loc":{"start":{"line":44,"column":8},"end":{"line":46,"column":56}},"type":"if","locations":[{"start":{"line":44,"column":8},"end":{"line":46,"column":56}},{"start":{"line":45,"column":13},"end":{"line":46,"column":56}}],"line":44},"5":{"loc":{"start":{"line":45,"column":13},"end":{"line":46,"column":56}},"type":"if","locations":[{"start":{"line":45,"column":13},"end":{"line":46,"column":56}},{"start":{"line":46,"column":13},"end":{"line":46,"column":56}}],"line":45},"6":{"loc":{"start":{"line":45,"column":17},"end":{"line":45,"column":55}},"type":"binary-expr","locations":[{"start":{"line":45,"column":17},"end":{"line":45,"column":33}},{"start":{"line":45,"column":37},"end":{"line":45,"column":55}}],"line":45},"7":{"loc":{"start":{"line":46,"column":13},"end":{"line":46,"column":56}},"type":"if","locations":[{"start":{"line":46,"column":13},"end":{"line":46,"column":56}},{"start":{},"end":{}}],"line":46},"8":{"loc":{"start":{"line":49,"column":8},"end":{"line":56,"column":9}},"type":"if","locations":[{"start":{"line":49,"column":8},"end":{"line":56,"column":9}},{"start":{},"end":{}}],"line":49},"9":{"loc":{"start":{"line":49,"column":12},"end":{"line":49,"column":28}},"type":"binary-expr","locations":[{"start":{"line":49,"column":12},"end":{"line":49,"column":18}},{"start":{"line":49,"column":22},"end":{"line":49,"column":28}}],"line":49},"10":{"loc":{"start":{"line":50,"column":27},"end":{"line":50,"column":58}},"type":"binary-expr","locations":[{"start":{"line":50,"column":27},"end":{"line":50,"column":40}},{"start":{"line":50,"column":44},"end":{"line":50,"column":58}}],"line":50},"11":{"loc":{"start":{"line":51,"column":26},"end":{"line":51,"column":63}},"type":"cond-expr","locations":[{"start":{"line":51,"column":48},"end":{"line":51,"column":56}},{"start":{"line":51,"column":59},"end":{"line":51,"column":63}}],"line":51}},"s":{"0":1,"1":1,"2":1,"3":4,"4":4,"5":0,"6":1,"7":5,"8":2,"9":2,"10":2,"11":2,"12":2,"13":2,"14":1,"15":1,"16":1,"17":0,"18":0,"19":2,"20":2,"21":2,"22":2,"23":0,"24":2,"25":2,"26":1},"f":{"0":4,"1":5,"2":2,"3":2,"4":0},"b":{"0":[0],"1":[4,0],"2":[2,0],"3":[2,2],"4":[1,1],"5":[1,0],"6":[1,0],"7":[0,0],"8":[2,0],"9":[2,2],"10":[2,1],"11":[2,0]},"_coverageSchema":"1a1c01bbd47fc00a2c39e90264f33305004495a9","hash":"a84a12ed97b8fbd3f547078ea347924850600ecd"}
,"/Users/kimemiathuku/Desktop/gnnovation/hosi/backend/src/middlewares/auth.js": {"path":"/Users/kimemiathuku/Desktop/gnnovation/hosi/backend/src/middlewares/auth.js","statementMap":{"0":{"start":{"line":1,"column":12},"end":{"line":1,"column":35}},"1":{"start":{"line":2,"column":15},"end":{"line":2,"column":39}},"2":{"start":{"line":3,"column":17},"end":{"line":3,"column":45}},"3":{"start":{"line":4,"column":19},"end":{"line":4,"column":49}},"4":{"start":{"line":5,"column":11},"end":{"line":5,"column":40}},"5":{"start":{"line":10,"column":21},"end":{"line":49,"column":2}},"6":{"start":{"line":12,"column":21},"end":{"line":12,"column":46}},"7":{"start":{"line":14,"column":2},"end":{"line":16,"column":3}},"8":{"start":{"line":15,"column":4},"end":{"line":15,"column":71}},"9":{"start":{"line":18,"column":16},"end":{"line":18,"column":40}},"10":{"start":{"line":22,"column":2},"end":{"line":29,"column":3}},"11":{"start":{"line":23,"column":4},"end":{"line":23,"column":51}},"12":{"start":{"line":25,"column":4},"end":{"line":27,"column":5}},"13":{"start":{"line":26,"column":6},"end":{"line":26,"column":68}},"14":{"start":{"line":28,"column":4},"end":{"line":28,"column":67}},"15":{"start":{"line":32,"column":15},"end":{"line":34,"column":12}},"16":{"start":{"line":36,"column":2},"end":{"line":38,"column":3}},"17":{"start":{"line":37,"column":4},"end":{"line":37,"column":54}},"18":{"start":{"line":41,"column":2},"end":{"line":46,"column":4}},"19":{"start":{"line":48,"column":2},"end":{"line":48,"column":9}},"20":{"start":{"line":55,"column":18},"end":{"line":70,"column":1}},"21":{"start":{"line":56,"column":2},"end":{"line":69,"column":4}},"22":{"start":{"line":57,"column":4},"end":{"line":59,"column":5}},"23":{"start":{"line":58,"column":6},"end":{"line":58,"column":58}},"24":{"start":{"line":61,"column":4},"end":{"line":66,"column":5}},"25":{"start":{"line":62,"column":6},"end":{"line":65,"column":8}},"26":{"start":{"line":68,"column":4},"end":{"line":68,"column":11}},"27":{"start":{"line":72,"column":0},"end":{"line":75,"column":2}}},"fnMap":{"0":{"name":"(anonymous_0)","decl":{"start":{"line":10,"column":32},"end":{"line":10,"column":33}},"loc":{"start":{"line":10,"column":58},"end":{"line":49,"column":1}},"line":10},"1":{"name":"(anonymous_1)","decl":{"start":{"line":55,"column":18},"end":{"line":55,"column":19}},"loc":{"start":{"line":55,"column":32},"end":{"line":70,"column":1}},"line":55},"2":{"name":"(anonymous_2)","decl":{"start":{"line":56,"column":9},"end":{"line":56,"column":10}},"loc":{"start":{"line":56,"column":29},"end":{"line":69,"column":3}},"line":56}},"branchMap":{"0":{"loc":{"start":{"line":14,"column":2},"end":{"line":16,"column":3}},"type":"if","locations":[{"start":{"line":14,"column":2},"end":{"line":16,"column":3}},{"start":{},"end":{}}],"line":14},"1":{"loc":{"start":{"line":14,"column":6},"end":{"line":14,"column":54}},"type":"binary-expr","locations":[{"start":{"line":14,"column":6},"end":{"line":14,"column":17}},{"start":{"line":14,"column":21},"end":{"line":14,"column":54}}],"line":14},"2":{"loc":{"start":{"line":25,"column":4},"end":{"line":27,"column":5}},"type":"if","locations":[{"start":{"line":25,"column":4},"end":{"line":27,"column":5}},{"start":{},"end":{}}],"line":25},"3":{"loc":{"start":{"line":36,"column":2},"end":{"line":38,"column":3}},"type":"if","locations":[{"start":{"line":36,"column":2},"end":{"line":38,"column":3}},{"start":{},"end":{}}],"line":36},"4":{"loc":{"start":{"line":57,"column":4},"end":{"line":59,"column":5}},"type":"if","locations":[{"start":{"line":57,"column":4},"end":{"line":59,"column":5}},{"start":{},"end":{}}],"line":57},"5":{"loc":{"start":{"line":61,"column":4},"end":{"line":66,"column":5}},"type":"if","locations":[{"start":{"line":61,"column":4},"end":{"line":66,"column":5}},{"start":{},"end":{}}],"line":61}},"s":{"0":1,"1":1,"2":1,"3":1,"4":1,"5":1,"6":16,"7":16,"8":0,"9":16,"10":16,"11":16,"12":0,"13":0,"14":0,"15":16,"16":16,"17":0,"18":16,"19":16,"20":1,"21":27,"22":16,"23":0,"24":16,"25":0,"26":16,"27":1},"f":{"0":16,"1":27,"2":16},"b":{"0":[0,16],"1":[16,16],"2":[0,0],"3":[0,16],"4":[0,16],"5":[0,16]},"_coverageSchema":"1a1c01bbd47fc00a2c39e90264f33305004495a9","hash":"e12095440895f903f4fa6dda8caf9c8086012aaa"}
,"/Users/kimemiathuku/Desktop/gnnovation/hosi/backend/src/middlewares/errorHandler.js": {"path":"/Users/kimemiathuku/Desktop/gnnovation/hosi/backend/src/middlewares/errorHandler.js","statementMap":{"0":{"start":{"line":1,"column":15},"end":{"line":1,"column":41}},"1":{"start":{"line":2,"column":15},"end":{"line":2,"column":39}},"2":{"start":{"line":7,"column":21},"end":{"line":46,"column":1}},"3":{"start":{"line":8,"column":2},"end":{"line":8,"column":41}},"4":{"start":{"line":9,"column":2},"end":{"line":9,"column":37}},"5":{"start":{"line":12,"column":2},"end":{"line":20,"column":3}},"6":{"start":{"line":13,"column":4},"end":{"line":19,"column":7}},"7":{"start":{"line":23,"column":2},"end":{"line":30,"column":3}},"8":{"start":{"line":24,"column":4},"end":{"line":29,"column":7}},"9":{"start":{"line":33,"column":2},"end":{"line":39,"column":3}},"10":{"start":{"line":35,"column":4},"end":{"line":38,"column":7}},"11":{"start":{"line":42,"column":2},"end":{"line":45,"column":5}},"12":{"start":{"line":51,"column":17},"end":{"line":56,"column":1}},"13":{"start":{"line":52,"column":2},"end":{"line":55,"column":5}},"14":{"start":{"line":58,"column":0},"end":{"line":61,"column":2}}},"fnMap":{"0":{"name":"(anonymous_0)","decl":{"start":{"line":7,"column":21},"end":{"line":7,"column":22}},"loc":{"start":{"line":7,"column":46},"end":{"line":46,"column":1}},"line":7},"1":{"name":"(anonymous_1)","decl":{"start":{"line":51,"column":17},"end":{"line":51,"column":18}},"loc":{"start":{"line":51,"column":37},"end":{"line":56,"column":1}},"line":51}},"branchMap":{"0":{"loc":{"start":{"line":8,"column":19},"end":{"line":8,"column":40}},"type":"binary-expr","locations":[{"start":{"line":8,"column":19},"end":{"line":8,"column":33}},{"start":{"line":8,"column":37},"end":{"line":8,"column":40}}],"line":8},"1":{"loc":{"start":{"line":9,"column":15},"end":{"line":9,"column":36}},"type":"binary-expr","locations":[{"start":{"line":9,"column":15},"end":{"line":9,"column":25}},{"start":{"line":9,"column":29},"end":{"line":9,"column":36}}],"line":9},"2":{"loc":{"start":{"line":12,"column":2},"end":{"line":20,"column":3}},"type":"if","locations":[{"start":{"line":12,"column":2},"end":{"line":20,"column":3}},{"start":{},"end":{}}],"line":12},"3":{"loc":{"start":{"line":12,"column":6},"end":{"line":12,"column":60}},"type":"binary-expr","locations":[{"start":{"line":12,"column":6},"end":{"line":12,"column":24}},{"start":{"line":12,"column":28},"end":{"line":12,"column":60}}],"line":12},"4":{"loc":{"start":{"line":23,"column":2},"end":{"line":30,"column":3}},"type":"if","locations":[{"start":{"line":23,"column":2},"end":{"line":30,"column":3}},{"start":{},"end":{}}],"line":23},"5":{"loc":{"start":{"line":33,"column":2},"end":{"line":39,"column":3}},"type":"if","locations":[{"start":{"line":33,"column":2},"end":{"line":39,"column":3}},{"start":{},"end":{}}],"line":33}},"s":{"0":1,"1":1,"2":1,"3":3,"4":3,"5":3,"6":3,"7":3,"8":3,"9":0,"10":0,"11":0,"12":1,"13":0,"14":1},"f":{"0":3,"1":0},"b":{"0":[3,0],"1":[3,0],"2":[3,0],"3":[3,3],"4":[3,0],"5":[0,0]},"_coverageSchema":"1a1c01bbd47fc00a2c39e90264f33305004495a9","hash":"120367a4651fa00a5952232f98fd54ed9e093c9f"}
,"/Users/kimemiathuku/Desktop/gnnovation/hosi/backend/src/middlewares/validation.js": {"path":"/Users/kimemiathuku/Desktop/gnnovation/hosi/backend/src/middlewares/validation.js","statementMap":{"0":{"start":{"line":1,"column":12},"end":{"line":1,"column":26}},"1":{"start":{"line":2,"column":17},"end":{"line":2,"column":45}},"2":{"start":{"line":9,"column":17},"end":{"line":27,"column":1}},"3":{"start":{"line":10,"column":2},"end":{"line":26,"column":4}},"4":{"start":{"line":11,"column":29},"end":{"line":14,"column":6}},"5":{"start":{"line":16,"column":4},"end":{"line":21,"column":5}},"6":{"start":{"line":17,"column":27},"end":{"line":19,"column":19}},"7":{"start":{"line":18,"column":25},"end":{"line":18,"column":39}},"8":{"start":{"line":20,"column":6},"end":{"line":20,"column":51}},"9":{"start":{"line":24,"column":4},"end":{"line":24,"column":26}},"10":{"start":{"line":25,"column":4},"end":{"line":25,"column":11}},"11":{"start":{"line":29,"column":0},"end":{"line":29,"column":26}}},"fnMap":{"0":{"name":"(anonymous_0)","decl":{"start":{"line":9,"column":17},"end":{"line":9,"column":18}},"loc":{"start":{"line":9,"column":48},"end":{"line":27,"column":1}},"line":9},"1":{"name":"(anonymous_1)","decl":{"start":{"line":10,"column":9},"end":{"line":10,"column":10}},"loc":{"start":{"line":10,"column":29},"end":{"line":26,"column":3}},"line":10},"2":{"name":"(anonymous_2)","decl":{"start":{"line":18,"column":13},"end":{"line":18,"column":14}},"loc":{"start":{"line":18,"column":25},"end":{"line":18,"column":39}},"line":18}},"branchMap":{"0":{"loc":{"start":{"line":9,"column":26},"end":{"line":9,"column":43}},"type":"default-arg","locations":[{"start":{"line":9,"column":37},"end":{"line":9,"column":43}}],"line":9},"1":{"loc":{"start":{"line":16,"column":4},"end":{"line":21,"column":5}},"type":"if","locations":[{"start":{"line":16,"column":4},"end":{"line":21,"column":5}},{"start":{},"end":{}}],"line":16}},"s":{"0":1,"1":1,"2":1,"3":14,"4":15,"5":15,"6":2,"7":2,"8":2,"9":13,"10":13,"11":1},"f":{"0":14,"1":15,"2":2},"b":{"0":[12],"1":[2,13]},"_coverageSchema":"1a1c01bbd47fc00a2c39e90264f33305004495a9","hash":"187ad8c10bdaa6db56be99689fe2f115903dd0f8"}
,"/Users/kimemiathuku/Desktop/gnnovation/hosi/backend/src/routes/audit.routes.js": {"path":"/Users/kimemiathuku/Desktop/gnnovation/hosi/backend/src/routes/audit.routes.js","statementMap":{"0":{"start":{"line":1,"column":16},"end":{"line":1,"column":34}},"1":{"start":{"line":2,"column":15},"end":{"line":2,"column":31}},"2":{"start":{"line":3,"column":24},"end":{"line":3,"column":66}},"3":{"start":{"line":4,"column":36},"end":{"line":4,"column":66}},"4":{"start":{"line":7,"column":0},"end":{"line":7,"column":25}},"5":{"start":{"line":8,"column":0},"end":{"line":8,"column":31}},"6":{"start":{"line":11,"column":0},"end":{"line":11,"column":50}},"7":{"start":{"line":13,"column":0},"end":{"line":13,"column":24}}},"fnMap":{},"branchMap":{},"s":{"0":1,"1":1,"2":1,"3":1,"4":1,"5":1,"6":1,"7":1},"f":{},"b":{},"_coverageSchema":"1a1c01bbd47fc00a2c39e90264f33305004495a9","hash":"c020b9689206c4b3fa4130fdfc0321d4e1ba9c4b"}
,"/Users/kimemiathuku/Desktop/gnnovation/hosi/backend/src/routes/auth.routes.js": {"path":"/Users/kimemiathuku/Desktop/gnnovation/hosi/backend/src/routes/auth.routes.js","statementMap":{"0":{"start":{"line":1,"column":16},"end":{"line":1,"column":34}},"1":{"start":{"line":2,"column":15},"end":{"line":2,"column":31}},"2":{"start":{"line":3,"column":18},"end":{"line":3,"column":47}},"3":{"start":{"line":4,"column":23},"end":{"line":4,"column":64}},"4":{"start":{"line":5,"column":36},"end":{"line":5,"column":66}},"5":{"start":{"line":6,"column":17},"end":{"line":6,"column":53}},"6":{"start":{"line":7,"column":40},"end":{"line":7,"column":79}},"7":{"start":{"line":8,"column":15},"end":{"line":8,"column":39}},"8":{"start":{"line":11,"column":20},"end":{"line":17,"column":2}},"9":{"start":{"line":20,"column":0},"end":{"line":20,"column":80}},"10":{"start":{"line":23,"column":0},"end":{"line":29,"column":2}},"11":{"start":{"line":32,"column":0},"end":{"line":32,"column":48}},"12":{"start":{"line":34,"column":0},"end":{"line":34,"column":24}}},"fnMap":{},"branchMap":{},"s":{"0":1,"1":1,"2":1,"3":1,"4":1,"5":1,"6":1,"7":1,"8":1,"9":1,"10":1,"11":1,"12":1},"f":{},"b":{},"_coverageSchema":"1a1c01bbd47fc00a2c39e90264f33305004495a9","hash":"8b4b090f46f60cd68c1b0b8549bfa337ac9a9691"}
,"/Users/kimemiathuku/Desktop/gnnovation/hosi/backend/src/routes/department.routes.js": {"path":"/Users/kimemiathuku/Desktop/gnnovation/hosi/backend/src/routes/department.routes.js","statementMap":{"0":{"start":{"line":1,"column":16},"end":{"line":1,"column":34}},"1":{"start":{"line":2,"column":15},"end":{"line":2,"column":31}},"2":{"start":{"line":3,"column":29},"end":{"line":3,"column":76}},"3":{"start":{"line":4,"column":36},"end":{"line":4,"column":66}},"4":{"start":{"line":5,"column":17},"end":{"line":5,"column":53}},"5":{"start":{"line":9,"column":4},"end":{"line":9,"column":49}},"6":{"start":{"line":12,"column":0},"end":{"line":12,"column":25}},"7":{"start":{"line":15,"column":0},"end":{"line":25,"column":4}},"8":{"start":{"line":27,"column":0},"end":{"line":41,"column":4}},"9":{"start":{"line":43,"column":0},"end":{"line":43,"column":24}}},"fnMap":{},"branchMap":{},"s":{"0":1,"1":1,"2":1,"3":1,"4":1,"5":1,"6":1,"7":1,"8":1,"9":1},"f":{},"b":{},"_coverageSchema":"1a1c01bbd47fc00a2c39e90264f33305004495a9","hash":"561998931ba3da163efdcf619f88159a6d0dac70"}
,"/Users/kimemiathuku/Desktop/gnnovation/hosi/backend/src/routes/doctor.routes.js": {"path":"/Users/kimemiathuku/Desktop/gnnovation/hosi/backend/src/routes/doctor.routes.js","statementMap":{"0":{"start":{"line":1,"column":16},"end":{"line":1,"column":34}},"1":{"start":{"line":2,"column":15},"end":{"line":2,"column":31}},"2":{"start":{"line":3,"column":25},"end":{"line":3,"column":68}},"3":{"start":{"line":4,"column":36},"end":{"line":4,"column":66}},"4":{"start":{"line":5,"column":17},"end":{"line":5,"column":53}},"5":{"start":{"line":9,"column":4},"end":{"line":9,"column":45}},"6":{"start":{"line":12,"column":0},"end":{"line":12,"column":25}},"7":{"start":{"line":15,"column":0},"end":{"line":25,"column":4}},"8":{"start":{"line":27,"column":0},"end":{"line":41,"column":4}},"9":{"start":{"line":43,"column":0},"end":{"line":43,"column":24}}},"fnMap":{},"branchMap":{},"s":{"0":1,"1":1,"2":1,"3":1,"4":1,"5":1,"6":1,"7":1,"8":1,"9":1},"f":{},"b":{},"_coverageSchema":"1a1c01bbd47fc00a2c39e90264f33305004495a9","hash":"c0f9fa13df405b2be18e04819e8519dc2e9901f4"}
,"/Users/kimemiathuku/Desktop/gnnovation/hosi/backend/src/routes/index.js": {"path":"/Users/kimemiathuku/Desktop/gnnovation/hosi/backend/src/routes/index.js","statementMap":{"0":{"start":{"line":1,"column":16},"end":{"line":1,"column":34}},"1":{"start":{"line":2,"column":15},"end":{"line":2,"column":31}},"2":{"start":{"line":4,"column":19},"end":{"line":4,"column":43}},"3":{"start":{"line":5,"column":22},"end":{"line":5,"column":49}},"4":{"start":{"line":6,"column":27},"end":{"line":6,"column":59}},"5":{"start":{"line":7,"column":24},"end":{"line":7,"column":53}},"6":{"start":{"line":8,"column":25},"end":{"line":8,"column":55}},"7":{"start":{"line":9,"column":21},"end":{"line":9,"column":47}},"8":{"start":{"line":10,"column":20},"end":{"line":10,"column":45}},"9":{"start":{"line":13,"column":0},"end":{"line":13,"column":32}},"10":{"start":{"line":14,"column":0},"end":{"line":14,"column":39}},"11":{"start":{"line":15,"column":0},"end":{"line":15,"column":49}},"12":{"start":{"line":16,"column":0},"end":{"line":16,"column":42}},"13":{"start":{"line":17,"column":0},"end":{"line":17,"column":45}},"14":{"start":{"line":18,"column":0},"end":{"line":18,"column":37}},"15":{"start":{"line":19,"column":0},"end":{"line":19,"column":34}},"16":{"start":{"line":22,"column":0},"end":{"line":28,"column":3}},"17":{"start":{"line":23,"column":2},"end":{"line":27,"column":5}},"18":{"start":{"line":30,"column":0},"end":{"line":30,"column":24}}},"fnMap":{"0":{"name":"(anonymous_0)","decl":{"start":{"line":22,"column":22},"end":{"line":22,"column":23}},"loc":{"start":{"line":22,"column":36},"end":{"line":28,"column":1}},"line":22}},"branchMap":{},"s":{"0":1,"1":1,"2":1,"3":1,"4":1,"5":1,"6":1,"7":1,"8":1,"9":1,"10":1,"11":1,"12":1,"13":1,"14":1,"15":1,"16":1,"17":0,"18":1},"f":{"0":0},"b":{},"_coverageSchema":"1a1c01bbd47fc00a2c39e90264f33305004495a9","hash":"52b0aba1c34a47a0871e62f80d9ace3af6573f81"}
,"/Users/kimemiathuku/Desktop/gnnovation/hosi/backend/src/routes/inventory.routes.js": {"path":"/Users/kimemiathuku/Desktop/gnnovation/hosi/backend/src/routes/inventory.routes.js","statementMap":{"0":{"start":{"line":1,"column":16},"end":{"line":1,"column":34}},"1":{"start":{"line":2,"column":15},"end":{"line":2,"column":31}},"2":{"start":{"line":3,"column":28},"end":{"line":3,"column":74}},"3":{"start":{"line":4,"column":36},"end":{"line":4,"column":66}},"4":{"start":{"line":5,"column":17},"end":{"line":5,"column":53}},"5":{"start":{"line":10,"column":4},"end":{"line":10,"column":48}},"6":{"start":{"line":13,"column":0},"end":{"line":13,"column":25}},"7":{"start":{"line":16,"column":0},"end":{"line":27,"column":4}},"8":{"start":{"line":29,"column":0},"end":{"line":43,"column":4}},"9":{"start":{"line":45,"column":0},"end":{"line":45,"column":24}}},"fnMap":{},"branchMap":{},"s":{"0":1,"1":1,"2":1,"3":1,"4":1,"5":1,"6":1,"7":1,"8":1,"9":1},"f":{},"b":{},"_coverageSchema":"1a1c01bbd47fc00a2c39e90264f33305004495a9","hash":"9653f7e2472db52f505273c5661118064e698458"}
,"/Users/kimemiathuku/Desktop/gnnovation/hosi/backend/src/routes/patient.routes.js": {"path":"/Users/kimemiathuku/Desktop/gnnovation/hosi/backend/src/routes/patient.routes.js","statementMap":{"0":{"start":{"line":1,"column":16},"end":{"line":1,"column":34}},"1":{"start":{"line":2,"column":15},"end":{"line":2,"column":31}},"2":{"start":{"line":3,"column":26},"end":{"line":3,"column":70}},"3":{"start":{"line":4,"column":36},"end":{"line":4,"column":66}},"4":{"start":{"line":5,"column":28},"end":{"line":5,"column":59}},"5":{"start":{"line":6,"column":17},"end":{"line":6,"column":53}},"6":{"start":{"line":11,"column":4},"end":{"line":11,"column":46}},"7":{"start":{"line":14,"column":0},"end":{"line":14,"column":25}},"8":{"start":{"line":17,"column":0},"end":{"line":29,"column":4}},"9":{"start":{"line":31,"column":0},"end":{"line":47,"column":4}},"10":{"start":{"line":50,"column":0},"end":{"line":55,"column":4}},"11":{"start":{"line":57,"column":0},"end":{"line":57,"column":24}}},"fnMap":{},"branchMap":{},"s":{"0":1,"1":1,"2":1,"3":1,"4":1,"5":1,"6":1,"7":1,"8":1,"9":1,"10":1,"11":1},"f":{},"b":{},"_coverageSchema":"1a1c01bbd47fc00a2c39e90264f33305004495a9","hash":"30e77b8c8f86166877b27bbd25aafd1a4906da2e"}
,"/Users/kimemiathuku/Desktop/gnnovation/hosi/backend/src/routes/prescription.routes.js": {"path":"/Users/kimemiathuku/Desktop/gnnovation/hosi/backend/src/routes/prescription.routes.js","statementMap":{"0":{"start":{"line":1,"column":16},"end":{"line":1,"column":34}},"1":{"start":{"line":2,"column":15},"end":{"line":2,"column":31}},"2":{"start":{"line":3,"column":31},"end":{"line":3,"column":80}},"3":{"start":{"line":4,"column":36},"end":{"line":4,"column":66}},"4":{"start":{"line":5,"column":28},"end":{"line":5,"column":59}},"5":{"start":{"line":6,"column":17},"end":{"line":6,"column":53}},"6":{"start":{"line":10,"column":4},"end":{"line":10,"column":51}},"7":{"start":{"line":13,"column":0},"end":{"line":13,"column":25}},"8":{"start":{"line":16,"column":0},"end":{"line":27,"column":4}},"9":{"start":{"line":29,"column":0},"end":{"line":40,"column":4}},"10":{"start":{"line":42,"column":0},"end":{"line":42,"column":24}}},"fnMap":{},"branchMap":{},"s":{"0":1,"1":1,"2":1,"3":1,"4":1,"5":1,"6":1,"7":1,"8":1,"9":1,"10":1},"f":{},"b":{},"_coverageSchema":"1a1c01bbd47fc00a2c39e90264f33305004495a9","hash":"fa47c56379d7da1b08533e922e2e5b2849debb5d"}
,"/Users/kimemiathuku/Desktop/gnnovation/hosi/backend/src/services/audit.service.js": {"path":"/Users/kimemiathuku/Desktop/gnnovation/hosi/backend/src/services/audit.service.js","statementMap":{"0":{"start":{"line":1,"column":11},"end":{"line":1,"column":40}},"1":{"start":{"line":6,"column":21},"end":{"line":62,"column":1}},"2":{"start":{"line":15,"column":6},"end":{"line":15,"column":11}},"3":{"start":{"line":16,"column":17},"end":{"line":16,"column":35}},"4":{"start":{"line":18,"column":21},"end":{"line":25,"column":5}},"5":{"start":{"line":28,"column":2},"end":{"line":30,"column":3}},"6":{"start":{"line":29,"column":4},"end":{"line":29,"column":69}},"7":{"start":{"line":31,"column":2},"end":{"line":33,"column":3}},"8":{"start":{"line":32,"column":4},"end":{"line":32,"column":67}},"9":{"start":{"line":34,"column":2},"end":{"line":36,"column":3}},"10":{"start":{"line":35,"column":4},"end":{"line":35,"column":77}},"11":{"start":{"line":37,"column":2},"end":{"line":39,"column":3}},"12":{"start":{"line":38,"column":4},"end":{"line":38,"column":81}},"13":{"start":{"line":40,"column":2},"end":{"line":42,"column":3}},"14":{"start":{"line":41,"column":4},"end":{"line":41,"column":79}},"15":{"start":{"line":45,"column":22},"end":{"line":45,"column":68}},"16":{"start":{"line":48,"column":15},"end":{"line":51,"column":19}},"17":{"start":{"line":53,"column":2},"end":{"line":61,"column":4}},"18":{"start":{"line":64,"column":0},"end":{"line":66,"column":2}}},"fnMap":{"0":{"name":"(anonymous_0)","decl":{"start":{"line":6,"column":21},"end":{"line":6,"column":22}},"loc":{"start":{"line":6,"column":38},"end":{"line":62,"column":1}},"line":6}},"branchMap":{"0":{"loc":{"start":{"line":8,"column":4},"end":{"line":8,"column":12}},"type":"default-arg","locations":[{"start":{"line":8,"column":11},"end":{"line":8,"column":12}}],"line":8},"1":{"loc":{"start":{"line":9,"column":4},"end":{"line":9,"column":14}},"type":"default-arg","locations":[{"start":{"line":9,"column":12},"end":{"line":9,"column":14}}],"line":9},"2":{"loc":{"start":{"line":28,"column":2},"end":{"line":30,"column":3}},"type":"if","locations":[{"start":{"line":28,"column":2},"end":{"line":30,"column":3}},{"start":{},"end":{}}],"line":28},"3":{"loc":{"start":{"line":31,"column":2},"end":{"line":33,"column":3}},"type":"if","locations":[{"start":{"line":31,"column":2},"end":{"line":33,"column":3}},{"start":{},"end":{}}],"line":31},"4":{"loc":{"start":{"line":34,"column":2},"end":{"line":36,"column":3}},"type":"if","locations":[{"start":{"line":34,"column":2},"end":{"line":36,"column":3}},{"start":{},"end":{}}],"line":34},"5":{"loc":{"start":{"line":37,"column":2},"end":{"line":39,"column":3}},"type":"if","locations":[{"start":{"line":37,"column":2},"end":{"line":39,"column":3}},{"start":{},"end":{}}],"line":37},"6":{"loc":{"start":{"line":40,"column":2},"end":{"line":42,"column":3}},"type":"if","locations":[{"start":{"line":40,"column":2},"end":{"line":42,"column":3}},{"start":{},"end":{}}],"line":40}},"s":{"0":1,"1":1,"2":0,"3":0,"4":0,"5":0,"6":0,"7":0,"8":0,"9":0,"10":0,"11":0,"12":0,"13":0,"14":0,"15":0,"16":0,"17":0,"18":1},"f":{"0":0},"b":{"0":[0],"1":[0],"2":[0,0],"3":[0,0],"4":[0,0],"5":[0,0],"6":[0,0]},"_coverageSchema":"1a1c01bbd47fc00a2c39e90264f33305004495a9","hash":"7982d895de323840140cc247819e4cd2c80ecbba"}
,"/Users/kimemiathuku/Desktop/gnnovation/hosi/backend/src/services/auth.service.js": {"path":"/Users/kimemiathuku/Desktop/gnnovation/hosi/backend/src/services/auth.service.js","statementMap":{"0":{"start":{"line":1,"column":15},"end":{"line":1,"column":32}},"1":{"start":{"line":2,"column":12},"end":{"line":2,"column":35}},"2":{"start":{"line":3,"column":11},"end":{"line":3,"column":40}},"3":{"start":{"line":4,"column":15},"end":{"line":4,"column":39}},"4":{"start":{"line":5,"column":17},"end":{"line":5,"column":45}},"5":{"start":{"line":10,"column":17},"end":{"line":37,"column":1}},"6":{"start":{"line":11,"column":42},"end":{"line":11,"column":50}},"7":{"start":{"line":14,"column":23},"end":{"line":14,"column":65}},"8":{"start":{"line":15,"column":2},"end":{"line":17,"column":3}},"9":{"start":{"line":16,"column":4},"end":{"line":16,"column":56}},"10":{"start":{"line":20,"column":24},"end":{"line":20,"column":77}},"11":{"start":{"line":23,"column":19},"end":{"line":28,"column":4}},"12":{"start":{"line":31,"column":15},"end":{"line":34,"column":12}},"13":{"start":{"line":36,"column":2},"end":{"line":36,"column":14}},"14":{"start":{"line":42,"column":14},"end":{"line":74,"column":1}},"15":{"start":{"line":44,"column":15},"end":{"line":46,"column":12}},"16":{"start":{"line":48,"column":2},"end":{"line":50,"column":3}},"17":{"start":{"line":49,"column":4},"end":{"line":49,"column":57}},"18":{"start":{"line":53,"column":26},"end":{"line":53,"column":76}},"19":{"start":{"line":54,"column":2},"end":{"line":56,"column":3}},"20":{"start":{"line":55,"column":4},"end":{"line":55,"column":57}},"21":{"start":{"line":59,"column":16},"end":{"line":63,"column":3}},"22":{"start":{"line":65,"column":2},"end":{"line":73,"column":4}},"23":{"start":{"line":79,"column":29},"end":{"line":85,"column":1}},"24":{"start":{"line":80,"column":2},"end":{"line":84,"column":4}},"25":{"start":{"line":90,"column":21},"end":{"line":120,"column":1}},"26":{"start":{"line":91,"column":2},"end":{"line":119,"column":3}},"27":{"start":{"line":92,"column":20},"end":{"line":92,"column":63}},"28":{"start":{"line":94,"column":4},"end":{"line":96,"column":5}},"29":{"start":{"line":95,"column":6},"end":{"line":95,"column":55}},"30":{"start":{"line":98,"column":17},"end":{"line":100,"column":14}},"31":{"start":{"line":102,"column":4},"end":{"line":104,"column":5}},"32":{"start":{"line":103,"column":6},"end":{"line":103,"column":48}},"33":{"start":{"line":107,"column":18},"end":{"line":111,"column":5}},"34":{"start":{"line":113,"column":4},"end":{"line":113,"column":21}},"35":{"start":{"line":115,"column":4},"end":{"line":117,"column":5}},"36":{"start":{"line":116,"column":6},"end":{"line":116,"column":55}},"37":{"start":{"line":118,"column":4},"end":{"line":118,"column":53}},"38":{"start":{"line":122,"column":0},"end":{"line":127,"column":2}}},"fnMap":{"0":{"name":"(anonymous_0)","decl":{"start":{"line":10,"column":17},"end":{"line":10,"column":18}},"loc":{"start":{"line":10,"column":37},"end":{"line":37,"column":1}},"line":10},"1":{"name":"(anonymous_1)","decl":{"start":{"line":42,"column":14},"end":{"line":42,"column":15}},"loc":{"start":{"line":42,"column":41},"end":{"line":74,"column":1}},"line":42},"2":{"name":"(anonymous_2)","decl":{"start":{"line":79,"column":29},"end":{"line":79,"column":30}},"loc":{"start":{"line":79,"column":41},"end":{"line":85,"column":1}},"line":79},"3":{"name":"(anonymous_3)","decl":{"start":{"line":90,"column":21},"end":{"line":90,"column":22}},"loc":{"start":{"line":90,"column":45},"end":{"line":120,"column":1}},"line":90}},"branchMap":{"0":{"loc":{"start":{"line":15,"column":2},"end":{"line":17,"column":3}},"type":"if","locations":[{"start":{"line":15,"column":2},"end":{"line":17,"column":3}},{"start":{},"end":{}}],"line":15},"1":{"loc":{"start":{"line":27,"column":10},"end":{"line":27,"column":32}},"type":"binary-expr","locations":[{"start":{"line":27,"column":10},"end":{"line":27,"column":14}},{"start":{"line":27,"column":18},"end":{"line":27,"column":32}}],"line":27},"2":{"loc":{"start":{"line":48,"column":2},"end":{"line":50,"column":3}},"type":"if","locations":[{"start":{"line":48,"column":2},"end":{"line":50,"column":3}},{"start":{},"end":{}}],"line":48},"3":{"loc":{"start":{"line":54,"column":2},"end":{"line":56,"column":3}},"type":"if","locations":[{"start":{"line":54,"column":2},"end":{"line":56,"column":3}},{"start":{},"end":{}}],"line":54},"4":{"loc":{"start":{"line":94,"column":4},"end":{"line":96,"column":5}},"type":"if","locations":[{"start":{"line":94,"column":4},"end":{"line":96,"column":5}},{"start":{},"end":{}}],"line":94},"5":{"loc":{"start":{"line":102,"column":4},"end":{"line":104,"column":5}},"type":"if","locations":[{"start":{"line":102,"column":4},"end":{"line":104,"column":5}},{"start":{},"end":{}}],"line":102},"6":{"loc":{"start":{"line":115,"column":4},"end":{"line":117,"column":5}},"type":"if","locations":[{"start":{"line":115,"column":4},"end":{"line":117,"column":5}},{"start":{},"end":{}}],"line":115}},"s":{"0":1,"1":1,"2":1,"3":1,"4":1,"5":1,"6":0,"7":0,"8":0,"9":0,"10":0,"11":0,"12":0,"13":0,"14":1,"15":1,"16":1,"17":0,"18":1,"19":1,"20":0,"21":1,"22":1,"23":1,"24":0,"25":1,"26":0,"27":0,"28":0,"29":0,"30":0,"31":0,"32":0,"33":0,"34":0,"35":0,"36":0,"37":0,"38":1},"f":{"0":0,"1":1,"2":0,"3":0},"b":{"0":[0,0],"1":[0,0],"2":[0,1],"3":[0,1],"4":[0,0],"5":[0,0],"6":[0,0]},"_coverageSchema":"1a1c01bbd47fc00a2c39e90264f33305004495a9","hash":"78c0eb901a93b97d715881b81728ec1f2406c9f6"}
,"/Users/kimemiathuku/Desktop/gnnovation/hosi/backend/src/services/department.service.js": {"path":"/Users/kimemiathuku/Desktop/gnnovation/hosi/backend/src/services/department.service.js","statementMap":{"0":{"start":{"line":1,"column":11},"end":{"line":1,"column":40}},"1":{"start":{"line":2,"column":17},"end":{"line":2,"column":45}},"2":{"start":{"line":7,"column":26},"end":{"line":9,"column":1}},"3":{"start":{"line":8,"column":2},"end":{"line":8,"column":68}},"4":{"start":{"line":14,"column":26},"end":{"line":22,"column":1}},"5":{"start":{"line":15,"column":21},"end":{"line":15,"column":66}},"6":{"start":{"line":17,"column":2},"end":{"line":19,"column":3}},"7":{"start":{"line":18,"column":4},"end":{"line":18,"column":52}},"8":{"start":{"line":21,"column":2},"end":{"line":21,"column":20}},"9":{"start":{"line":27,"column":25},"end":{"line":40,"column":1}},"10":{"start":{"line":29,"column":19},"end":{"line":31,"column":12}},"11":{"start":{"line":33,"column":2},"end":{"line":35,"column":3}},"12":{"start":{"line":34,"column":4},"end":{"line":34,"column":62}},"13":{"start":{"line":37,"column":25},"end":{"line":37,"column":71}},"14":{"start":{"line":39,"column":2},"end":{"line":39,"column":47}},"15":{"start":{"line":45,"column":25},"end":{"line":67,"column":1}},"16":{"start":{"line":46,"column":21},"end":{"line":46,"column":48}},"17":{"start":{"line":49,"column":2},"end":{"line":57,"column":3}},"18":{"start":{"line":50,"column":21},"end":{"line":52,"column":14}},"19":{"start":{"line":54,"column":4},"end":{"line":56,"column":5}},"20":{"start":{"line":55,"column":6},"end":{"line":55,"column":64}},"21":{"start":{"line":59,"column":2},"end":{"line":64,"column":7}},"22":{"start":{"line":66,"column":2},"end":{"line":66,"column":37}},"23":{"start":{"line":72,"column":25},"end":{"line":87,"column":1}},"24":{"start":{"line":73,"column":21},"end":{"line":73,"column":48}},"25":{"start":{"line":76,"column":18},"end":{"line":76,"column":74}},"26":{"start":{"line":77,"column":2},"end":{"line":82,"column":3}},"27":{"start":{"line":78,"column":4},"end":{"line":81,"column":6}},"28":{"start":{"line":84,"column":2},"end":{"line":84,"column":49}},"29":{"start":{"line":86,"column":2},"end":{"line":86,"column":56}},"30":{"start":{"line":89,"column":0},"end":{"line":95,"column":2}}},"fnMap":{"0":{"name":"(anonymous_0)","decl":{"start":{"line":7,"column":26},"end":{"line":7,"column":27}},"loc":{"start":{"line":7,"column":38},"end":{"line":9,"column":1}},"line":7},"1":{"name":"(anonymous_1)","decl":{"start":{"line":14,"column":26},"end":{"line":14,"column":27}},"loc":{"start":{"line":14,"column":40},"end":{"line":22,"column":1}},"line":14},"2":{"name":"(anonymous_2)","decl":{"start":{"line":27,"column":25},"end":{"line":27,"column":26}},"loc":{"start":{"line":27,"column":51},"end":{"line":40,"column":1}},"line":27},"3":{"name":"(anonymous_3)","decl":{"start":{"line":45,"column":25},"end":{"line":45,"column":26}},"loc":{"start":{"line":45,"column":55},"end":{"line":67,"column":1}},"line":45},"4":{"name":"(anonymous_4)","decl":{"start":{"line":72,"column":25},"end":{"line":72,"column":26}},"loc":{"start":{"line":72,"column":39},"end":{"line":87,"column":1}},"line":72}},"branchMap":{"0":{"loc":{"start":{"line":17,"column":2},"end":{"line":19,"column":3}},"type":"if","locations":[{"start":{"line":17,"column":2},"end":{"line":19,"column":3}},{"start":{},"end":{}}],"line":17},"1":{"loc":{"start":{"line":33,"column":2},"end":{"line":35,"column":3}},"type":"if","locations":[{"start":{"line":33,"column":2},"end":{"line":35,"column":3}},{"start":{},"end":{}}],"line":33},"2":{"loc":{"start":{"line":49,"column":2},"end":{"line":57,"column":3}},"type":"if","locations":[{"start":{"line":49,"column":2},"end":{"line":57,"column":3}},{"start":{},"end":{}}],"line":49},"3":{"loc":{"start":{"line":49,"column":6},"end":{"line":49,"column":68}},"type":"binary-expr","locations":[{"start":{"line":49,"column":6},"end":{"line":49,"column":25}},{"start":{"line":49,"column":29},"end":{"line":49,"column":68}}],"line":49},"4":{"loc":{"start":{"line":54,"column":4},"end":{"line":56,"column":5}},"type":"if","locations":[{"start":{"line":54,"column":4},"end":{"line":56,"column":5}},{"start":{},"end":{}}],"line":54},"5":{"loc":{"start":{"line":77,"column":2},"end":{"line":82,"column":3}},"type":"if","locations":[{"start":{"line":77,"column":2},"end":{"line":82,"column":3}},{"start":{},"end":{}}],"line":77}},"s":{"0":1,"1":1,"2":1,"3":0,"4":1,"5":0,"6":0,"7":0,"8":0,"9":1,"10":0,"11":0,"12":0,"13":0,"14":0,"15":1,"16":0,"17":0,"18":0,"19":0,"20":0,"21":0,"22":0,"23":1,"24":0,"25":0,"26":0,"27":0,"28":0,"29":0,"30":1},"f":{"0":0,"1":0,"2":0,"3":0,"4":0},"b":{"0":[0,0],"1":[0,0],"2":[0,0],"3":[0,0],"4":[0,0],"5":[0,0]},"_coverageSchema":"1a1c01bbd47fc00a2c39e90264f33305004495a9","hash":"9ae910364477c99f78824c095aa71512dbaabf5d"}
,"/Users/kimemiathuku/Desktop/gnnovation/hosi/backend/src/services/doctor.service.js": {"path":"/Users/kimemiathuku/Desktop/gnnovation/hosi/backend/src/services/doctor.service.js","statementMap":{"0":{"start":{"line":1,"column":11},"end":{"line":1,"column":40}},"1":{"start":{"line":2,"column":17},"end":{"line":2,"column":45}},"2":{"start":{"line":7,"column":22},"end":{"line":24,"column":1}},"3":{"start":{"line":8,"column":2},"end":{"line":23,"column":34}},"4":{"start":{"line":29,"column":22},"end":{"line":49,"column":1}},"5":{"start":{"line":30,"column":17},"end":{"line":42,"column":12}},"6":{"start":{"line":44,"column":2},"end":{"line":46,"column":3}},"7":{"start":{"line":45,"column":4},"end":{"line":45,"column":48}},"8":{"start":{"line":48,"column":2},"end":{"line":48,"column":16}},"9":{"start":{"line":54,"column":21},"end":{"line":91,"column":1}},"10":{"start":{"line":56,"column":15},"end":{"line":58,"column":12}},"11":{"start":{"line":60,"column":2},"end":{"line":62,"column":3}},"12":{"start":{"line":61,"column":4},"end":{"line":61,"column":46}},"13":{"start":{"line":64,"column":2},"end":{"line":66,"column":3}},"14":{"start":{"line":65,"column":4},"end":{"line":65,"column":58}},"15":{"start":{"line":69,"column":19},"end":{"line":71,"column":12}},"16":{"start":{"line":73,"column":2},"end":{"line":75,"column":3}},"17":{"start":{"line":74,"column":4},"end":{"line":74,"column":75}},"18":{"start":{"line":78,"column":2},"end":{"line":86,"column":3}},"19":{"start":{"line":79,"column":23},"end":{"line":81,"column":14}},"20":{"start":{"line":83,"column":4},"end":{"line":85,"column":5}},"21":{"start":{"line":84,"column":6},"end":{"line":84,"column":54}},"22":{"start":{"line":88,"column":21},"end":{"line":88,"column":59}},"23":{"start":{"line":90,"column":2},"end":{"line":90,"column":39}},"24":{"start":{"line":96,"column":21},"end":{"line":118,"column":1}},"25":{"start":{"line":97,"column":17},"end":{"line":97,"column":40}},"26":{"start":{"line":100,"column":2},"end":{"line":108,"column":3}},"27":{"start":{"line":101,"column":23},"end":{"line":103,"column":14}},"28":{"start":{"line":105,"column":4},"end":{"line":107,"column":5}},"29":{"start":{"line":106,"column":6},"end":{"line":106,"column":54}},"30":{"start":{"line":110,"column":2},"end":{"line":115,"column":7}},"31":{"start":{"line":117,"column":2},"end":{"line":117,"column":33}},"32":{"start":{"line":123,"column":21},"end":{"line":141,"column":1}},"33":{"start":{"line":124,"column":17},"end":{"line":124,"column":40}},"34":{"start":{"line":127,"column":24},"end":{"line":129,"column":12}},"35":{"start":{"line":131,"column":2},"end":{"line":136,"column":3}},"36":{"start":{"line":132,"column":4},"end":{"line":135,"column":6}},"37":{"start":{"line":138,"column":2},"end":{"line":138,"column":45}},"38":{"start":{"line":140,"column":2},"end":{"line":140,"column":52}},"39":{"start":{"line":143,"column":0},"end":{"line":149,"column":2}}},"fnMap":{"0":{"name":"(anonymous_0)","decl":{"start":{"line":7,"column":22},"end":{"line":7,"column":23}},"loc":{"start":{"line":7,"column":34},"end":{"line":24,"column":1}},"line":7},"1":{"name":"(anonymous_1)","decl":{"start":{"line":29,"column":22},"end":{"line":29,"column":23}},"loc":{"start":{"line":29,"column":36},"end":{"line":49,"column":1}},"line":29},"2":{"name":"(anonymous_2)","decl":{"start":{"line":54,"column":21},"end":{"line":54,"column":22}},"loc":{"start":{"line":54,"column":43},"end":{"line":91,"column":1}},"line":54},"3":{"name":"(anonymous_3)","decl":{"start":{"line":96,"column":21},"end":{"line":96,"column":22}},"loc":{"start":{"line":96,"column":47},"end":{"line":118,"column":1}},"line":96},"4":{"name":"(anonymous_4)","decl":{"start":{"line":123,"column":21},"end":{"line":123,"column":22}},"loc":{"start":{"line":123,"column":35},"end":{"line":141,"column":1}},"line":123}},"branchMap":{"0":{"loc":{"start":{"line":44,"column":2},"end":{"line":46,"column":3}},"type":"if","locations":[{"start":{"line":44,"column":2},"end":{"line":46,"column":3}},{"start":{},"end":{}}],"line":44},"1":{"loc":{"start":{"line":60,"column":2},"end":{"line":62,"column":3}},"type":"if","locations":[{"start":{"line":60,"column":2},"end":{"line":62,"column":3}},{"start":{},"end":{}}],"line":60},"2":{"loc":{"start":{"line":64,"column":2},"end":{"line":66,"column":3}},"type":"if","locations":[{"start":{"line":64,"column":2},"end":{"line":66,"column":3}},{"start":{},"end":{}}],"line":64},"3":{"loc":{"start":{"line":73,"column":2},"end":{"line":75,"column":3}},"type":"if","locations":[{"start":{"line":73,"column":2},"end":{"line":75,"column":3}},{"start":{},"end":{}}],"line":73},"4":{"loc":{"start":{"line":78,"column":2},"end":{"line":86,"column":3}},"type":"if","locations":[{"start":{"line":78,"column":2},"end":{"line":86,"column":3}},{"start":{},"end":{}}],"line":78},"5":{"loc":{"start":{"line":83,"column":4},"end":{"line":85,"column":5}},"type":"if","locations":[{"start":{"line":83,"column":4},"end":{"line":85,"column":5}},{"start":{},"end":{}}],"line":83},"6":{"loc":{"start":{"line":100,"column":2},"end":{"line":108,"column":3}},"type":"if","locations":[{"start":{"line":100,"column":2},"end":{"line":108,"column":3}},{"start":{},"end":{}}],"line":100},"7":{"loc":{"start":{"line":105,"column":4},"end":{"line":107,"column":5}},"type":"if","locations":[{"start":{"line":105,"column":4},"end":{"line":107,"column":5}},{"start":{},"end":{}}],"line":105},"8":{"loc":{"start":{"line":131,"column":2},"end":{"line":136,"column":3}},"type":"if","locations":[{"start":{"line":131,"column":2},"end":{"line":136,"column":3}},{"start":{},"end":{}}],"line":131}},"s":{"0":1,"1":1,"2":1,"3":0,"4":1,"5":0,"6":0,"7":0,"8":0,"9":1,"10":0,"11":0,"12":0,"13":0,"14":0,"15":0,"16":0,"17":0,"18":0,"19":0,"20":0,"21":0,"22":0,"23":0,"24":1,"25":0,"26":0,"27":0,"28":0,"29":0,"30":0,"31":0,"32":1,"33":0,"34":0,"35":0,"36":0,"37":0,"38":0,"39":1},"f":{"0":0,"1":0,"2":0,"3":0,"4":0},"b":{"0":[0,0],"1":[0,0],"2":[0,0],"3":[0,0],"4":[0,0],"5":[0,0],"6":[0,0],"7":[0,0],"8":[0,0]},"_coverageSchema":"1a1c01bbd47fc00a2c39e90264f33305004495a9","hash":"98085035ee00c72422b4ee22f8e56fc99fe7a6dc"}
,"/Users/kimemiathuku/Desktop/gnnovation/hosi/backend/src/services/inventory.service.js": {"path":"/Users/kimemiathuku/Desktop/gnnovation/hosi/backend/src/services/inventory.service.js","statementMap":{"0":{"start":{"line":1,"column":11},"end":{"line":1,"column":40}},"1":{"start":{"line":2,"column":17},"end":{"line":2,"column":45}},"2":{"start":{"line":7,"column":24},"end":{"line":64,"column":1}},"3":{"start":{"line":16,"column":6},"end":{"line":16,"column":11}},"4":{"start":{"line":17,"column":17},"end":{"line":17,"column":35}},"5":{"start":{"line":19,"column":21},"end":{"line":19,"column":36}},"6":{"start":{"line":22,"column":2},"end":{"line":28,"column":3}},"7":{"start":{"line":23,"column":4},"end":{"line":27,"column":7}},"8":{"start":{"line":24,"column":6},"end":{"line":26,"column":55}},"9":{"start":{"line":31,"column":2},"end":{"line":37,"column":3}},"10":{"start":{"line":32,"column":23},"end":{"line":32,"column":33}},"11":{"start":{"line":33,"column":4},"end":{"line":33,"column":50}},"12":{"start":{"line":34,"column":4},"end":{"line":36,"column":74}},"13":{"start":{"line":40,"column":2},"end":{"line":42,"column":3}},"14":{"start":{"line":41,"column":4},"end":{"line":41,"column":60}},"15":{"start":{"line":45,"column":22},"end":{"line":45,"column":68}},"16":{"start":{"line":46,"column":16},"end":{"line":46,"column":36}},"17":{"start":{"line":49,"column":20},"end":{"line":53,"column":19}},"18":{"start":{"line":55,"column":2},"end":{"line":63,"column":4}},"19":{"start":{"line":69,"column":25},"end":{"line":77,"column":1}},"20":{"start":{"line":70,"column":15},"end":{"line":70,"column":58}},"21":{"start":{"line":72,"column":2},"end":{"line":74,"column":3}},"22":{"start":{"line":73,"column":4},"end":{"line":73,"column":56}},"23":{"start":{"line":76,"column":2},"end":{"line":76,"column":14}},"24":{"start":{"line":82,"column":24},"end":{"line":92,"column":1}},"25":{"start":{"line":84,"column":19},"end":{"line":84,"column":82}},"26":{"start":{"line":85,"column":2},"end":{"line":87,"column":3}},"27":{"start":{"line":86,"column":4},"end":{"line":86,"column":50}},"28":{"start":{"line":89,"column":24},"end":{"line":89,"column":67}},"29":{"start":{"line":91,"column":2},"end":{"line":91,"column":45}},"30":{"start":{"line":97,"column":24},"end":{"line":116,"column":1}},"31":{"start":{"line":98,"column":15},"end":{"line":98,"column":41}},"32":{"start":{"line":101,"column":2},"end":{"line":106,"column":3}},"33":{"start":{"line":102,"column":21},"end":{"line":102,"column":84}},"34":{"start":{"line":103,"column":4},"end":{"line":105,"column":5}},"35":{"start":{"line":104,"column":6},"end":{"line":104,"column":52}},"36":{"start":{"line":108,"column":2},"end":{"line":113,"column":7}},"37":{"start":{"line":115,"column":2},"end":{"line":115,"column":36}},"38":{"start":{"line":121,"column":24},"end":{"line":139,"column":1}},"39":{"start":{"line":122,"column":15},"end":{"line":122,"column":41}},"40":{"start":{"line":125,"column":28},"end":{"line":127,"column":12}},"41":{"start":{"line":129,"column":2},"end":{"line":134,"column":3}},"42":{"start":{"line":130,"column":4},"end":{"line":133,"column":6}},"43":{"start":{"line":136,"column":2},"end":{"line":136,"column":47}},"44":{"start":{"line":138,"column":2},"end":{"line":138,"column":60}},"45":{"start":{"line":141,"column":0},"end":{"line":147,"column":2}}},"fnMap":{"0":{"name":"(anonymous_0)","decl":{"start":{"line":7,"column":24},"end":{"line":7,"column":25}},"loc":{"start":{"line":7,"column":41},"end":{"line":64,"column":1}},"line":7},"1":{"name":"(anonymous_1)","decl":{"start":{"line":23,"column":38},"end":{"line":23,"column":39}},"loc":{"start":{"line":23,"column":49},"end":{"line":27,"column":5}},"line":23},"2":{"name":"(anonymous_2)","decl":{"start":{"line":69,"column":25},"end":{"line":69,"column":26}},"loc":{"start":{"line":69,"column":39},"end":{"line":77,"column":1}},"line":69},"3":{"name":"(anonymous_3)","decl":{"start":{"line":82,"column":24},"end":{"line":82,"column":25}},"loc":{"start":{"line":82,"column":49},"end":{"line":92,"column":1}},"line":82},"4":{"name":"(anonymous_4)","decl":{"start":{"line":97,"column":24},"end":{"line":97,"column":25}},"loc":{"start":{"line":97,"column":53},"end":{"line":116,"column":1}},"line":97},"5":{"name":"(anonymous_5)","decl":{"start":{"line":121,"column":24},"end":{"line":121,"column":25}},"loc":{"start":{"line":121,"column":38},"end":{"line":139,"column":1}},"line":121}},"branchMap":{"0":{"loc":{"start":{"line":9,"column":4},"end":{"line":9,"column":12}},"type":"default-arg","locations":[{"start":{"line":9,"column":11},"end":{"line":9,"column":12}}],"line":9},"1":{"loc":{"start":{"line":10,"column":4},"end":{"line":10,"column":14}},"type":"default-arg","locations":[{"start":{"line":10,"column":12},"end":{"line":10,"column":14}}],"line":10},"2":{"loc":{"start":{"line":14,"column":4},"end":{"line":14,"column":23}},"type":"default-arg","locations":[{"start":{"line":14,"column":11},"end":{"line":14,"column":23}}],"line":14},"3":{"loc":{"start":{"line":15,"column":4},"end":{"line":15,"column":18}},"type":"default-arg","locations":[{"start":{"line":15,"column":12},"end":{"line":15,"column":18}}],"line":15},"4":{"loc":{"start":{"line":22,"column":2},"end":{"line":28,"column":3}},"type":"if","locations":[{"start":{"line":22,"column":2},"end":{"line":28,"column":3}},{"start":{},"end":{}}],"line":22},"5":{"loc":{"start":{"line":31,"column":2},"end":{"line":37,"column":3}},"type":"if","locations":[{"start":{"line":31,"column":2},"end":{"line":37,"column":3}},{"start":{},"end":{}}],"line":31},"6":{"loc":{"start":{"line":31,"column":6},"end":{"line":31,"column":56}},"type":"binary-expr","locations":[{"start":{"line":31,"column":6},"end":{"line":31,"column":30}},{"start":{"line":31,"column":34},"end":{"line":31,"column":56}}],"line":31},"7":{"loc":{"start":{"line":40,"column":2},"end":{"line":42,"column":3}},"type":"if","locations":[{"start":{"line":40,"column":2},"end":{"line":42,"column":3}},{"start":{},"end":{}}],"line":40},"8":{"loc":{"start":{"line":40,"column":6},"end":{"line":40,"column":48}},"type":"binary-expr","locations":[{"start":{"line":40,"column":6},"end":{"line":40,"column":26}},{"start":{"line":40,"column":30},"end":{"line":40,"column":48}}],"line":40},"9":{"loc":{"start":{"line":72,"column":2},"end":{"line":74,"column":3}},"type":"if","locations":[{"start":{"line":72,"column":2},"end":{"line":74,"column":3}},{"start":{},"end":{}}],"line":72},"10":{"loc":{"start":{"line":85,"column":2},"end":{"line":87,"column":3}},"type":"if","locations":[{"start":{"line":85,"column":2},"end":{"line":87,"column":3}},{"start":{},"end":{}}],"line":85},"11":{"loc":{"start":{"line":101,"column":2},"end":{"line":106,"column":3}},"type":"if","locations":[{"start":{"line":101,"column":2},"end":{"line":106,"column":3}},{"start":{},"end":{}}],"line":101},"12":{"loc":{"start":{"line":101,"column":6},"end":{"line":101,"column":57}},"type":"binary-expr","locations":[{"start":{"line":101,"column":6},"end":{"line":101,"column":23}},{"start":{"line":101,"column":27},"end":{"line":101,"column":57}}],"line":101},"13":{"loc":{"start":{"line":103,"column":4},"end":{"line":105,"column":5}},"type":"if","locations":[{"start":{"line":103,"column":4},"end":{"line":105,"column":5}},{"start":{},"end":{}}],"line":103},"14":{"loc":{"start":{"line":129,"column":2},"end":{"line":134,"column":3}},"type":"if","locations":[{"start":{"line":129,"column":2},"end":{"line":134,"column":3}},{"start":{},"end":{}}],"line":129}},"s":{"0":1,"1":1,"2":1,"3":0,"4":0,"5":0,"6":0,"7":0,"8":0,"9":0,"10":0,"11":0,"12":0,"13":0,"14":0,"15":0,"16":0,"17":0,"18":0,"19":1,"20":0,"21":0,"22":0,"23":0,"24":1,"25":0,"26":0,"27":0,"28":0,"29":0,"30":1,"31":0,"32":0,"33":0,"34":0,"35":0,"36":0,"37":0,"38":1,"39":0,"40":0,"41":0,"42":0,"43":0,"44":0,"45":1},"f":{"0":0,"1":0,"2":0,"3":0,"4":0,"5":0},"b":{"0":[0],"1":[0],"2":[0],"3":[0],"4":[0,0],"5":[0,0],"6":[0,0],"7":[0,0],"8":[0,0],"9":[0,0],"10":[0,0],"11":[0,0],"12":[0,0],"13":[0,0],"14":[0,0]},"_coverageSchema":"1a1c01bbd47fc00a2c39e90264f33305004495a9","hash":"82848f8648ff9890c0f07087b1cd11c112a2c3f1"}
,"/Users/kimemiathuku/Desktop/gnnovation/hosi/backend/src/services/patient.service.js": {"path":"/Users/kimemiathuku/Desktop/gnnovation/hosi/backend/src/services/patient.service.js","statementMap":{"0":{"start":{"line":1,"column":11},"end":{"line":1,"column":40}},"1":{"start":{"line":2,"column":17},"end":{"line":2,"column":45}},"2":{"start":{"line":3,"column":27},"end":{"line":3,"column":58}},"3":{"start":{"line":8,"column":23},"end":{"line":56,"column":1}},"4":{"start":{"line":9,"column":80},"end":{"line":9,"column":85}},"5":{"start":{"line":10,"column":17},"end":{"line":10,"column":35}},"6":{"start":{"line":12,"column":21},"end":{"line":13,"column":32}},"7":{"start":{"line":16,"column":2},"end":{"line":23,"column":3}},"8":{"start":{"line":17,"column":4},"end":{"line":22,"column":7}},"9":{"start":{"line":18,"column":6},"end":{"line":21,"column":49}},"10":{"start":{"line":26,"column":22},"end":{"line":26,"column":68}},"11":{"start":{"line":27,"column":16},"end":{"line":27,"column":36}},"12":{"start":{"line":30,"column":19},"end":{"line":45,"column":19}},"13":{"start":{"line":47,"column":2},"end":{"line":55,"column":4}},"14":{"start":{"line":61,"column":23},"end":{"line":71,"column":1}},"15":{"start":{"line":62,"column":18},"end":{"line":64,"column":12}},"16":{"start":{"line":66,"column":2},"end":{"line":68,"column":3}},"17":{"start":{"line":67,"column":4},"end":{"line":67,"column":49}},"18":{"start":{"line":70,"column":2},"end":{"line":70,"column":17}},"19":{"start":{"line":76,"column":22},"end":{"line":83,"column":1}},"20":{"start":{"line":77,"column":22},"end":{"line":77,"column":62}},"21":{"start":{"line":80,"column":2},"end":{"line":80,"column":76}},"22":{"start":{"line":82,"column":2},"end":{"line":82,"column":41}},"23":{"start":{"line":88,"column":22},"end":{"line":102,"column":1}},"24":{"start":{"line":89,"column":18},"end":{"line":89,"column":42}},"25":{"start":{"line":91,"column":2},"end":{"line":96,"column":7}},"26":{"start":{"line":99,"column":2},"end":{"line":99,"column":69}},"27":{"start":{"line":101,"column":2},"end":{"line":101,"column":34}},"28":{"start":{"line":107,"column":22},"end":{"line":118,"column":1}},"29":{"start":{"line":108,"column":18},"end":{"line":108,"column":42}},"30":{"start":{"line":110,"column":2},"end":{"line":112,"column":41}},"31":{"start":{"line":115,"column":2},"end":{"line":115,"column":62}},"32":{"start":{"line":117,"column":2},"end":{"line":117,"column":53}},"33":{"start":{"line":123,"column":26},"end":{"line":151,"column":1}},"34":{"start":{"line":124,"column":18},"end":{"line":124,"column":49}},"35":{"start":{"line":126,"column":24},"end":{"line":138,"column":48}},"36":{"start":{"line":141,"column":2},"end":{"line":145,"column":3}},"37":{"start":{"line":142,"column":4},"end":{"line":144,"column":84}},"38":{"start":{"line":147,"column":2},"end":{"line":150,"column":4}},"39":{"start":{"line":153,"column":0},"end":{"line":160,"column":2}}},"fnMap":{"0":{"name":"(anonymous_0)","decl":{"start":{"line":8,"column":23},"end":{"line":8,"column":24}},"loc":{"start":{"line":8,"column":40},"end":{"line":56,"column":1}},"line":8},"1":{"name":"(anonymous_1)","decl":{"start":{"line":17,"column":38},"end":{"line":17,"column":39}},"loc":{"start":{"line":17,"column":49},"end":{"line":22,"column":5}},"line":17},"2":{"name":"(anonymous_2)","decl":{"start":{"line":61,"column":23},"end":{"line":61,"column":24}},"loc":{"start":{"line":61,"column":37},"end":{"line":71,"column":1}},"line":61},"3":{"name":"(anonymous_3)","decl":{"start":{"line":76,"column":22},"end":{"line":76,"column":23}},"loc":{"start":{"line":76,"column":53},"end":{"line":83,"column":1}},"line":76},"4":{"name":"(anonymous_4)","decl":{"start":{"line":88,"column":22},"end":{"line":88,"column":23}},"loc":{"start":{"line":88,"column":57},"end":{"line":102,"column":1}},"line":88},"5":{"name":"(anonymous_5)","decl":{"start":{"line":107,"column":22},"end":{"line":107,"column":23}},"loc":{"start":{"line":107,"column":44},"end":{"line":118,"column":1}},"line":107},"6":{"name":"(anonymous_6)","decl":{"start":{"line":123,"column":26},"end":{"line":123,"column":27}},"loc":{"start":{"line":123,"column":47},"end":{"line":151,"column":1}},"line":123}},"branchMap":{"0":{"loc":{"start":{"line":9,"column":10},"end":{"line":9,"column":18}},"type":"default-arg","locations":[{"start":{"line":9,"column":17},"end":{"line":9,"column":18}}],"line":9},"1":{"loc":{"start":{"line":9,"column":20},"end":{"line":9,"column":30}},"type":"default-arg","locations":[{"start":{"line":9,"column":28},"end":{"line":9,"column":30}}],"line":9},"2":{"loc":{"start":{"line":9,"column":40},"end":{"line":9,"column":59}},"type":"default-arg","locations":[{"start":{"line":9,"column":47},"end":{"line":9,"column":59}}],"line":9},"3":{"loc":{"start":{"line":9,"column":61},"end":{"line":9,"column":75}},"type":"default-arg","locations":[{"start":{"line":9,"column":69},"end":{"line":9,"column":75}}],"line":9},"4":{"loc":{"start":{"line":16,"column":2},"end":{"line":23,"column":3}},"type":"if","locations":[{"start":{"line":16,"column":2},"end":{"line":23,"column":3}},{"start":{},"end":{}}],"line":16},"5":{"loc":{"start":{"line":66,"column":2},"end":{"line":68,"column":3}},"type":"if","locations":[{"start":{"line":66,"column":2},"end":{"line":68,"column":3}},{"start":{},"end":{}}],"line":66}},"s":{"0":1,"1":1,"2":1,"3":1,"4":10,"5":10,"6":10,"7":10,"8":1,"9":2,"10":10,"11":10,"12":10,"13":10,"14":1,"15":5,"16":5,"17":1,"18":4,"19":1,"20":1,"21":1,"22":1,"23":1,"24":1,"25":1,"26":1,"27":1,"28":1,"29":0,"30":0,"31":0,"32":0,"33":1,"34":0,"35":0,"36":0,"37":0,"38":0,"39":1},"f":{"0":10,"1":2,"2":5,"3":1,"4":1,"5":0,"6":0},"b":{"0":[0],"1":[0],"2":[0],"3":[0],"4":[1,9],"5":[1,4]},"_coverageSchema":"1a1c01bbd47fc00a2c39e90264f33305004495a9","hash":"002187b129d24487d8ab095c6f96f47c14caced8"}
,"/Users/kimemiathuku/Desktop/gnnovation/hosi/backend/src/services/prescription.service.js": {"path":"/Users/kimemiathuku/Desktop/gnnovation/hosi/backend/src/services/prescription.service.js","statementMap":{"0":{"start":{"line":1,"column":11},"end":{"line":1,"column":40}},"1":{"start":{"line":2,"column":17},"end":{"line":2,"column":45}},"2":{"start":{"line":3,"column":27},"end":{"line":3,"column":58}},"3":{"start":{"line":8,"column":27},"end":{"line":83,"column":1}},"4":{"start":{"line":9,"column":58},"end":{"line":9,"column":74}},"5":{"start":{"line":12,"column":18},"end":{"line":14,"column":12}},"6":{"start":{"line":15,"column":2},"end":{"line":17,"column":3}},"7":{"start":{"line":16,"column":4},"end":{"line":16,"column":49}},"8":{"start":{"line":20,"column":17},"end":{"line":20,"column":69}},"9":{"start":{"line":21,"column":2},"end":{"line":23,"column":3}},"10":{"start":{"line":22,"column":4},"end":{"line":22,"column":48}},"11":{"start":{"line":26,"column":17},"end":{"line":79,"column":4}},"12":{"start":{"line":28,"column":29},"end":{"line":33,"column":6}},"13":{"start":{"line":36,"column":4},"end":{"line":73,"column":5}},"14":{"start":{"line":38,"column":6},"end":{"line":60,"column":7}},"15":{"start":{"line":39,"column":30},"end":{"line":41,"column":18}},"16":{"start":{"line":43,"column":8},"end":{"line":45,"column":9}},"17":{"start":{"line":44,"column":10},"end":{"line":44,"column":83}},"18":{"start":{"line":47,"column":8},"end":{"line":52,"column":9}},"19":{"start":{"line":48,"column":10},"end":{"line":51,"column":12}},"20":{"start":{"line":55,"column":8},"end":{"line":59,"column":9}},"21":{"start":{"line":56,"column":10},"end":{"line":58,"column":50}},"22":{"start":{"line":63,"column":6},"end":{"line":72,"column":9}},"23":{"start":{"line":76,"column":4},"end":{"line":76,"column":93}},"24":{"start":{"line":78,"column":4},"end":{"line":78,"column":26}},"25":{"start":{"line":82,"column":2},"end":{"line":82,"column":43}},"26":{"start":{"line":88,"column":28},"end":{"line":116,"column":1}},"27":{"start":{"line":89,"column":23},"end":{"line":99,"column":12}},"28":{"start":{"line":101,"column":2},"end":{"line":103,"column":3}},"29":{"start":{"line":102,"column":4},"end":{"line":102,"column":54}},"30":{"start":{"line":106,"column":2},"end":{"line":113,"column":6}},"31":{"start":{"line":115,"column":2},"end":{"line":115,"column":22}},"32":{"start":{"line":121,"column":27},"end":{"line":138,"column":1}},"33":{"start":{"line":122,"column":23},"end":{"line":122,"column":70}},"34":{"start":{"line":123,"column":2},"end":{"line":125,"column":3}},"35":{"start":{"line":124,"column":4},"end":{"line":124,"column":54}},"36":{"start":{"line":127,"column":2},"end":{"line":132,"column":7}},"37":{"start":{"line":135,"column":2},"end":{"line":135,"column":73}},"38":{"start":{"line":137,"column":2},"end":{"line":137,"column":39}},"39":{"start":{"line":143,"column":28},"end":{"line":200,"column":1}},"40":{"start":{"line":144,"column":66},"end":{"line":144,"column":71}},"41":{"start":{"line":145,"column":17},"end":{"line":145,"column":35}},"42":{"start":{"line":147,"column":21},"end":{"line":150,"column":49}},"43":{"start":{"line":153,"column":2},"end":{"line":155,"column":3}},"44":{"start":{"line":154,"column":4},"end":{"line":154,"column":70}},"45":{"start":{"line":156,"column":2},"end":{"line":158,"column":3}},"46":{"start":{"line":157,"column":4},"end":{"line":157,"column":78}},"47":{"start":{"line":159,"column":2},"end":{"line":161,"column":3}},"48":{"start":{"line":160,"column":4},"end":{"line":160,"column":76}},"49":{"start":{"line":164,"column":22},"end":{"line":164,"column":83}},"50":{"start":{"line":165,"column":16},"end":{"line":165,"column":36}},"51":{"start":{"line":168,"column":24},"end":{"line":181,"column":19}},"52":{"start":{"line":184,"column":2},"end":{"line":189,"column":3}},"53":{"start":{"line":185,"column":28},"end":{"line":187,"column":26}},"54":{"start":{"line":188,"column":4},"end":{"line":188,"column":56}},"55":{"start":{"line":191,"column":2},"end":{"line":199,"column":4}},"56":{"start":{"line":202,"column":0},"end":{"line":207,"column":2}}},"fnMap":{"0":{"name":"(anonymous_0)","decl":{"start":{"line":8,"column":27},"end":{"line":8,"column":28}},"loc":{"start":{"line":8,"column":63},"end":{"line":83,"column":1}},"line":8},"1":{"name":"(anonymous_1)","decl":{"start":{"line":26,"column":38},"end":{"line":26,"column":39}},"loc":{"start":{"line":26,"column":53},"end":{"line":79,"column":3}},"line":26},"2":{"name":"(anonymous_2)","decl":{"start":{"line":88,"column":28},"end":{"line":88,"column":29}},"loc":{"start":{"line":88,"column":42},"end":{"line":116,"column":1}},"line":88},"3":{"name":"(anonymous_3)","decl":{"start":{"line":121,"column":27},"end":{"line":121,"column":28}},"loc":{"start":{"line":121,"column":61},"end":{"line":138,"column":1}},"line":121},"4":{"name":"(anonymous_4)","decl":{"start":{"line":143,"column":28},"end":{"line":143,"column":29}},"loc":{"start":{"line":143,"column":45},"end":{"line":200,"column":1}},"line":143}},"branchMap":{"0":{"loc":{"start":{"line":15,"column":2},"end":{"line":17,"column":3}},"type":"if","locations":[{"start":{"line":15,"column":2},"end":{"line":17,"column":3}},{"start":{},"end":{}}],"line":15},"1":{"loc":{"start":{"line":21,"column":2},"end":{"line":23,"column":3}},"type":"if","locations":[{"start":{"line":21,"column":2},"end":{"line":23,"column":3}},{"start":{},"end":{}}],"line":21},"2":{"loc":{"start":{"line":32,"column":14},"end":{"line":32,"column":32}},"type":"binary-expr","locations":[{"start":{"line":32,"column":14},"end":{"line":32,"column":20}},{"start":{"line":32,"column":24},"end":{"line":32,"column":32}}],"line":32},"3":{"loc":{"start":{"line":38,"column":6},"end":{"line":60,"column":7}},"type":"if","locations":[{"start":{"line":38,"column":6},"end":{"line":60,"column":7}},{"start":{},"end":{}}],"line":38},"4":{"loc":{"start":{"line":43,"column":8},"end":{"line":45,"column":9}},"type":"if","locations":[{"start":{"line":43,"column":8},"end":{"line":45,"column":9}},{"start":{},"end":{}}],"line":43},"5":{"loc":{"start":{"line":47,"column":8},"end":{"line":52,"column":9}},"type":"if","locations":[{"start":{"line":47,"column":8},"end":{"line":52,"column":9}},{"start":{},"end":{}}],"line":47},"6":{"loc":{"start":{"line":47,"column":12},"end":{"line":47,"column":67}},"type":"binary-expr","locations":[{"start":{"line":47,"column":12},"end":{"line":47,"column":25}},{"start":{"line":47,"column":29},"end":{"line":47,"column":67}}],"line":47},"7":{"loc":{"start":{"line":55,"column":8},"end":{"line":59,"column":9}},"type":"if","locations":[{"start":{"line":55,"column":8},"end":{"line":59,"column":9}},{"start":{},"end":{}}],"line":55},"8":{"loc":{"start":{"line":65,"column":22},"end":{"line":65,"column":47}},"type":"binary-expr","locations":[{"start":{"line":65,"column":22},"end":{"line":65,"column":39}},{"start":{"line":65,"column":43},"end":{"line":65,"column":47}}],"line":65},"9":{"loc":{"start":{"line":101,"column":2},"end":{"line":103,"column":3}},"type":"if","locations":[{"start":{"line":101,"column":2},"end":{"line":103,"column":3}},{"start":{},"end":{}}],"line":101},"10":{"loc":{"start":{"line":123,"column":2},"end":{"line":125,"column":3}},"type":"if","locations":[{"start":{"line":123,"column":2},"end":{"line":125,"column":3}},{"start":{},"end":{}}],"line":123},"11":{"loc":{"start":{"line":144,"column":10},"end":{"line":144,"column":18}},"type":"default-arg","locations":[{"start":{"line":144,"column":17},"end":{"line":144,"column":18}}],"line":144},"12":{"loc":{"start":{"line":144,"column":20},"end":{"line":144,"column":30}},"type":"default-arg","locations":[{"start":{"line":144,"column":28},"end":{"line":144,"column":30}}],"line":144},"13":{"loc":{"start":{"line":153,"column":2},"end":{"line":155,"column":3}},"type":"if","locations":[{"start":{"line":153,"column":2},"end":{"line":155,"column":3}},{"start":{},"end":{}}],"line":153},"14":{"loc":{"start":{"line":156,"column":2},"end":{"line":158,"column":3}},"type":"if","locations":[{"start":{"line":156,"column":2},"end":{"line":158,"column":3}},{"start":{},"end":{}}],"line":156},"15":{"loc":{"start":{"line":159,"column":2},"end":{"line":161,"column":3}},"type":"if","locations":[{"start":{"line":159,"column":2},"end":{"line":161,"column":3}},{"start":{},"end":{}}],"line":159}},"s":{"0":1,"1":1,"2":1,"3":1,"4":0,"5":0,"6":0,"7":0,"8":0,"9":0,"10":0,"11":0,"12":0,"13":0,"14":0,"15":0,"16":0,"17":0,"18":0,"19":0,"20":0,"21":0,"22":0,"23":0,"24":0,"25":0,"26":1,"27":0,"28":0,"29":0,"30":0,"31":0,"32":1,"33":0,"34":0,"35":0,"36":0,"37":0,"38":0,"39":1,"40":0,"41":0,"42":0,"43":0,"44":0,"45":0,"46":0,"47":0,"48":0,"49":0,"50":0,"51":0,"52":0,"53":0,"54":0,"55":0,"56":1},"f":{"0":0,"1":0,"2":0,"3":0,"4":0},"b":{"0":[0,0],"1":[0,0],"2":[0,0],"3":[0,0],"4":[0,0],"5":[0,0],"6":[0,0],"7":[0,0],"8":[0,0],"9":[0,0],"10":[0,0],"11":[0],"12":[0],"13":[0,0],"14":[0,0],"15":[0,0]},"_coverageSchema":"1a1c01bbd47fc00a2c39e90264f33305004495a9","hash":"4aef87d72285ccd92fc6e614fcd74faa1615ae2a"}
,"/Users/kimemiathuku/Desktop/gnnovation/hosi/backend/src/utils/AppError.js": {"path":"/Users/kimemiathuku/Desktop/gnnovation/hosi/backend/src/utils/AppError.js","statementMap":{"0":{"start":{"line":6,"column":4},"end":{"line":6,"column":19}},"1":{"start":{"line":7,"column":4},"end":{"line":7,"column":33}},"2":{"start":{"line":8,"column":4},"end":{"line":8,"column":39}},"3":{"start":{"line":9,"column":4},"end":{"line":9,"column":69}},"4":{"start":{"line":11,"column":4},"end":{"line":11,"column":52}},"5":{"start":{"line":15,"column":0},"end":{"line":15,"column":26}}},"fnMap":{"0":{"name":"(anonymous_0)","decl":{"start":{"line":5,"column":2},"end":{"line":5,"column":3}},"loc":{"start":{"line":5,"column":63},"end":{"line":12,"column":3}},"line":5}},"branchMap":{"0":{"loc":{"start":{"line":5,"column":23},"end":{"line":5,"column":39}},"type":"default-arg","locations":[{"start":{"line":5,"column":36},"end":{"line":5,"column":39}}],"line":5},"1":{"loc":{"start":{"line":5,"column":41},"end":{"line":5,"column":61}},"type":"default-arg","locations":[{"start":{"line":5,"column":57},"end":{"line":5,"column":61}}],"line":5},"2":{"loc":{"start":{"line":9,"column":18},"end":{"line":9,"column":68}},"type":"cond-expr","locations":[{"start":{"line":9,"column":52},"end":{"line":9,"column":58}},{"start":{"line":9,"column":61},"end":{"line":9,"column":68}}],"line":9}},"s":{"0":3,"1":3,"2":3,"3":3,"4":3,"5":1},"f":{"0":3},"b":{"0":[0],"1":[3],"2":[3,0]},"_coverageSchema":"1a1c01bbd47fc00a2c39e90264f33305004495a9","hash":"f99c270b1f86d1d6109229d109c72ef1b4828dbc"}
,"/Users/kimemiathuku/Desktop/gnnovation/hosi/backend/src/utils/catchAsync.js": {"path":"/Users/kimemiathuku/Desktop/gnnovation/hosi/backend/src/utils/catchAsync.js","statementMap":{"0":{"start":{"line":4,"column":19},"end":{"line":8,"column":1}},"1":{"start":{"line":5,"column":2},"end":{"line":7,"column":4}},"2":{"start":{"line":6,"column":4},"end":{"line":6,"column":35}},"3":{"start":{"line":10,"column":0},"end":{"line":10,"column":28}}},"fnMap":{"0":{"name":"(anonymous_0)","decl":{"start":{"line":4,"column":19},"end":{"line":4,"column":20}},"loc":{"start":{"line":4,"column":27},"end":{"line":8,"column":1}},"line":4},"1":{"name":"(anonymous_1)","decl":{"start":{"line":5,"column":9},"end":{"line":5,"column":10}},"loc":{"start":{"line":5,"column":29},"end":{"line":7,"column":3}},"line":5}},"branchMap":{},"s":{"0":1,"1":30,"2":31,"3":1},"f":{"0":30,"1":31},"b":{},"_coverageSchema":"1a1c01bbd47fc00a2c39e90264f33305004495a9","hash":"4fe50ab96df81bf5a1b018b722606f2718e7426c"}
,"/Users/kimemiathuku/Desktop/gnnovation/hosi/backend/src/utils/logger.js": {"path":"/Users/kimemiathuku/Desktop/gnnovation/hosi/backend/src/utils/logger.js","statementMap":{"0":{"start":{"line":1,"column":13},"end":{"line":1,"column":28}},"1":{"start":{"line":2,"column":15},"end":{"line":2,"column":39}},"2":{"start":{"line":4,"column":15},"end":{"line":27,"column":2}},"3":{"start":{"line":29,"column":0},"end":{"line":29,"column":24}}},"fnMap":{},"branchMap":{"0":{"loc":{"start":{"line":6,"column":13},"end":{"line":13,"column":15}},"type":"cond-expr","locations":[{"start":{"line":6,"column":48},"end":{"line":13,"column":3}},{"start":{"line":13,"column":6},"end":{"line":13,"column":15}}],"line":6}},"s":{"0":1,"1":1,"2":1,"3":1},"f":{},"b":{"0":[1,0]},"_coverageSchema":"1a1c01bbd47fc00a2c39e90264f33305004495a9","hash":"babcdf213eb4b19c4c2b27792a26ca348d2ab3bd"}
,"/Users/kimemiathuku/Desktop/gnnovation/hosi/backend/src/validators/auth.validator.js": {"path":"/Users/kimemiathuku/Desktop/gnnovation/hosi/backend/src/validators/auth.validator.js","statementMap":{"0":{"start":{"line":1,"column":12},"end":{"line":1,"column":26}},"1":{"start":{"line":3,"column":23},"end":{"line":31,"column":2}},"2":{"start":{"line":33,"column":20},"end":{"line":43,"column":2}},"3":{"start":{"line":45,"column":0},"end":{"line":48,"column":2}}},"fnMap":{},"branchMap":{},"s":{"0":1,"1":1,"2":1,"3":1},"f":{},"b":{},"_coverageSchema":"1a1c01bbd47fc00a2c39e90264f33305004495a9","hash":"00ed32442bd62ca7dac17dd1005ad9ddb6b8b445"}
,"/Users/kimemiathuku/Desktop/gnnovation/hosi/backend/src/validators/department.validator.js": {"path":"/Users/kimemiathuku/Desktop/gnnovation/hosi/backend/src/validators/department.validator.js","statementMap":{"0":{"start":{"line":1,"column":12},"end":{"line":1,"column":26}},"1":{"start":{"line":3,"column":31},"end":{"line":6,"column":2}},"2":{"start":{"line":8,"column":31},"end":{"line":11,"column":9}},"3":{"start":{"line":13,"column":0},"end":{"line":16,"column":2}}},"fnMap":{},"branchMap":{},"s":{"0":1,"1":1,"2":1,"3":1},"f":{},"b":{},"_coverageSchema":"1a1c01bbd47fc00a2c39e90264f33305004495a9","hash":"42e51c9fc0d611442ee50a60b76d10cee5b36e0f"}
,"/Users/kimemiathuku/Desktop/gnnovation/hosi/backend/src/validators/doctor.validator.js": {"path":"/Users/kimemiathuku/Desktop/gnnovation/hosi/backend/src/validators/doctor.validator.js","statementMap":{"0":{"start":{"line":1,"column":12},"end":{"line":1,"column":26}},"1":{"start":{"line":3,"column":27},"end":{"line":9,"column":2}},"2":{"start":{"line":11,"column":27},"end":{"line":16,"column":9}},"3":{"start":{"line":18,"column":0},"end":{"line":21,"column":2}}},"fnMap":{},"branchMap":{},"s":{"0":1,"1":1,"2":1,"3":1},"f":{},"b":{},"_coverageSchema":"1a1c01bbd47fc00a2c39e90264f33305004495a9","hash":"25472706c0253d7a85ddc8f4fd37cd9477cd8fdc"}
,"/Users/kimemiathuku/Desktop/gnnovation/hosi/backend/src/validators/inventory.validator.js": {"path":"/Users/kimemiathuku/Desktop/gnnovation/hosi/backend/src/validators/inventory.validator.js","statementMap":{"0":{"start":{"line":1,"column":12},"end":{"line":1,"column":26}},"1":{"start":{"line":3,"column":30},"end":{"line":12,"column":2}},"2":{"start":{"line":14,"column":30},"end":{"line":23,"column":9}},"3":{"start":{"line":25,"column":29},"end":{"line":33,"column":2}},"4":{"start":{"line":35,"column":0},"end":{"line":39,"column":2}}},"fnMap":{},"branchMap":{},"s":{"0":1,"1":1,"2":1,"3":1,"4":1},"f":{},"b":{},"_coverageSchema":"1a1c01bbd47fc00a2c39e90264f33305004495a9","hash":"4de74198c5fdba743535add5ca78c9ee1f07052e"}
,"/Users/kimemiathuku/Desktop/gnnovation/hosi/backend/src/validators/patient.validator.js": {"path":"/Users/kimemiathuku/Desktop/gnnovation/hosi/backend/src/validators/patient.validator.js","statementMap":{"0":{"start":{"line":1,"column":12},"end":{"line":1,"column":26}},"1":{"start":{"line":3,"column":28},"end":{"line":16,"column":2}},"2":{"start":{"line":18,"column":28},"end":{"line":31,"column":9}},"3":{"start":{"line":33,"column":25},"end":{"line":39,"column":2}},"4":{"start":{"line":41,"column":0},"end":{"line":45,"column":2}}},"fnMap":{},"branchMap":{},"s":{"0":1,"1":1,"2":1,"3":1,"4":1},"f":{},"b":{},"_coverageSchema":"1a1c01bbd47fc00a2c39e90264f33305004495a9","hash":"b922ff086f33a05b9275ee39a33737fb7fe46e2c"}
,"/Users/kimemiathuku/Desktop/gnnovation/hosi/backend/src/validators/prescription.validator.js": {"path":"/Users/kimemiathuku/Desktop/gnnovation/hosi/backend/src/validators/prescription.validator.js","statementMap":{"0":{"start":{"line":1,"column":12},"end":{"line":1,"column":26}},"1":{"start":{"line":3,"column":31},"end":{"line":11,"column":2}},"2":{"start":{"line":13,"column":33},"end":{"line":19,"column":2}},"3":{"start":{"line":21,"column":33},"end":{"line":24,"column":9}},"4":{"start":{"line":26,"column":0},"end":{"line":29,"column":2}}},"fnMap":{},"branchMap":{},"s":{"0":1,"1":1,"2":1,"3":1,"4":1},"f":{},"b":{},"_coverageSchema":"1a1c01bbd47fc00a2c39e90264f33305004495a9","hash":"6398737ee59181973e4121248367876975c2e8e3"}
}
