TN:
SF:src/app.js
FN:38,(anonymous_0)
FNF:1
FNH:1
FNDA:17,(anonymous_0)
DA:1,1
DA:2,1
DA:3,1
DA:4,1
DA:5,1
DA:6,1
DA:7,1
DA:8,1
DA:9,1
DA:11,1
DA:14,1
DA:17,1
DA:25,1
DA:35,1
DA:38,17
DA:52,1
DA:53,1
DA:56,1
DA:59,1
DA:62,1
DA:64,1
LF:21
LH:21
BRDA:18,0,0,0
BRDA:18,0,1,1
BRF:2
BRH:1
end_of_record
TN:
SF:src/controllers/audit.controller.js
FN:8,(anonymous_0)
FNF:1
FNH:0
FNDA:0,(anonymous_0)
DA:1,1
DA:2,1
DA:8,1
DA:9,0
DA:11,0
DA:17,1
LF:6
LH:4
BRF:0
BRH:0
end_of_record
TN:
SF:src/controllers/auth.controller.js
FN:9,(anonymous_0)
FN:24,(anonymous_1)
FN:40,(anonymous_2)
FNF:3
FNH:1
FNDA:0,(anonymous_0)
FNDA:1,(anonymous_1)
FNDA:0,(anonymous_2)
DA:1,1
DA:2,1
DA:9,1
DA:10,0
DA:12,0
DA:24,1
DA:25,1
DA:26,1
DA:28,1
DA:40,1
DA:41,0
DA:42,0
DA:44,0
DA:50,1
LF:14
LH:9
BRF:0
BRH:0
end_of_record
TN:
SF:src/controllers/department.controller.js
FN:8,(anonymous_0)
FN:21,(anonymous_1)
FN:34,(anonymous_2)
FN:48,(anonymous_3)
FN:65,(anonymous_4)
FNF:5
FNH:0
FNDA:0,(anonymous_0)
FNDA:0,(anonymous_1)
FNDA:0,(anonymous_2)
FNDA:0,(anonymous_3)
FNDA:0,(anonymous_4)
DA:1,1
DA:2,1
DA:8,1
DA:9,0
DA:11,0
DA:21,1
DA:22,0
DA:24,0
DA:34,1
DA:35,0
DA:37,0
DA:48,1
DA:49,0
DA:54,0
DA:65,1
DA:66,0
DA:68,0
DA:74,1
LF:18
LH:8
BRF:0
BRH:0
end_of_record
TN:
SF:src/controllers/doctor.controller.js
FN:8,(anonymous_0)
FN:21,(anonymous_1)
FN:34,(anonymous_2)
FN:48,(anonymous_3)
FN:62,(anonymous_4)
FNF:5
FNH:0
FNDA:0,(anonymous_0)
FNDA:0,(anonymous_1)
FNDA:0,(anonymous_2)
FNDA:0,(anonymous_3)
FNDA:0,(anonymous_4)
DA:1,1
DA:2,1
DA:8,1
DA:9,0
DA:11,0
DA:21,1
DA:22,0
DA:24,0
DA:34,1
DA:35,0
DA:37,0
DA:48,1
DA:49,0
DA:51,0
DA:62,1
DA:63,0
DA:65,0
DA:71,1
LF:18
LH:8
BRF:0
BRH:0
end_of_record
TN:
SF:src/controllers/inventory.controller.js
FN:8,(anonymous_0)
FN:21,(anonymous_1)
FN:34,(anonymous_2)
FN:48,(anonymous_3)
FN:62,(anonymous_4)
FNF:5
FNH:0
FNDA:0,(anonymous_0)
FNDA:0,(anonymous_1)
FNDA:0,(anonymous_2)
FNDA:0,(anonymous_3)
FNDA:0,(anonymous_4)
DA:1,1
DA:2,1
DA:8,1
DA:9,0
DA:11,0
DA:21,1
DA:22,0
DA:24,0
DA:34,1
DA:35,0
DA:37,0
DA:48,1
DA:49,0
DA:51,0
DA:62,1
DA:63,0
DA:65,0
DA:71,1
LF:18
LH:8
BRF:0
BRH:0
end_of_record
TN:
SF:src/controllers/patient.controller.js
FN:8,(anonymous_0)
FN:21,(anonymous_1)
FN:34,(anonymous_2)
FN:48,(anonymous_3)
FN:66,(anonymous_4)
FN:79,(anonymous_5)
FNF:6
FNH:4
FNDA:10,(anonymous_0)
FNDA:2,(anonymous_1)
FNDA:1,(anonymous_2)
FNDA:1,(anonymous_3)
FNDA:0,(anonymous_4)
FNDA:0,(anonymous_5)
DA:1,1
DA:2,1
DA:8,1
DA:9,10
DA:11,10
DA:21,1
DA:22,2
DA:24,1
DA:34,1
DA:35,1
DA:37,1
DA:48,1
DA:49,1
DA:55,1
DA:66,1
DA:67,0
DA:69,0
DA:79,1
DA:80,0
DA:82,0
DA:88,1
LF:21
LH:17
BRF:0
BRH:0
end_of_record
TN:
SF:src/controllers/prescription.controller.js
FN:8,(anonymous_0)
FN:21,(anonymous_1)
FN:34,(anonymous_2)
FN:51,(anonymous_3)
FNF:4
FNH:0
FNDA:0,(anonymous_0)
FNDA:0,(anonymous_1)
FNDA:0,(anonymous_2)
FNDA:0,(anonymous_3)
DA:1,1
DA:2,1
DA:8,1
DA:9,0
DA:11,0
DA:21,1
DA:22,0
DA:24,0
DA:34,1
DA:35,0
DA:40,0
DA:51,1
DA:52,0
DA:58,0
DA:65,1
LF:15
LH:7
BRF:0
BRH:0
end_of_record
TN:
SF:src/middlewares/audit.js
FN:12,(anonymous_0)
FN:31,(anonymous_1)
FN:32,(anonymous_2)
FN:37,(anonymous_3)
FN:55,(anonymous_4)
FNF:5
FNH:4
FNDA:4,(anonymous_0)
FNDA:5,(anonymous_1)
FNDA:2,(anonymous_2)
FNDA:2,(anonymous_3)
FNDA:0,(anonymous_4)
DA:1,1
DA:2,1
DA:12,1
DA:13,4
DA:14,4
DA:23,0
DA:31,1
DA:32,5
DA:34,2
DA:37,2
DA:39,2
DA:40,2
DA:41,2
DA:44,2
DA:45,1
DA:46,0
DA:49,2
DA:50,2
DA:51,2
DA:54,2
DA:55,0
DA:60,2
DA:63,2
DA:67,1
LF:24
LH:21
BRDA:12,0,0,0
BRDA:19,1,0,4
BRDA:19,1,1,0
BRDA:39,2,0,2
BRDA:39,2,1,0
BRDA:39,3,0,2
BRDA:39,3,1,2
BRDA:44,4,0,1
BRDA:44,4,1,1
BRDA:45,5,0,1
BRDA:45,5,1,0
BRDA:45,6,0,1
BRDA:45,6,1,0
BRDA:46,7,0,0
BRDA:46,7,1,0
BRDA:49,8,0,2
BRDA:49,8,1,0
BRDA:49,9,0,2
BRDA:49,9,1,2
BRDA:50,10,0,2
BRDA:50,10,1,1
BRDA:51,11,0,2
BRDA:51,11,1,0
BRF:23
BRH:14
end_of_record
TN:
SF:src/middlewares/auth.js
FN:10,(anonymous_0)
FN:55,(anonymous_1)
FN:56,(anonymous_2)
FNF:3
FNH:3
FNDA:16,(anonymous_0)
FNDA:27,(anonymous_1)
FNDA:16,(anonymous_2)
DA:1,1
DA:2,1
DA:3,1
DA:4,1
DA:5,1
DA:10,1
DA:12,16
DA:14,16
DA:15,0
DA:18,16
DA:22,16
DA:23,16
DA:25,0
DA:26,0
DA:28,0
DA:32,16
DA:36,16
DA:37,0
DA:41,16
DA:48,16
DA:55,1
DA:56,27
DA:57,16
DA:58,0
DA:61,16
DA:62,0
DA:68,16
DA:72,1
LF:28
LH:21
BRDA:14,0,0,0
BRDA:14,0,1,16
BRDA:14,1,0,16
BRDA:14,1,1,16
BRDA:25,2,0,0
BRDA:25,2,1,0
BRDA:36,3,0,0
BRDA:36,3,1,16
BRDA:57,4,0,0
BRDA:57,4,1,16
BRDA:61,5,0,0
BRDA:61,5,1,16
BRF:12
BRH:6
end_of_record
TN:
SF:src/middlewares/errorHandler.js
FN:7,(anonymous_0)
FN:51,(anonymous_1)
FNF:2
FNH:1
FNDA:3,(anonymous_0)
FNDA:0,(anonymous_1)
DA:1,1
DA:2,1
DA:7,1
DA:8,3
DA:9,3
DA:12,3
DA:13,3
DA:23,3
DA:24,3
DA:33,0
DA:35,0
DA:42,0
DA:51,1
DA:52,0
DA:58,1
LF:15
LH:11
BRDA:8,0,0,3
BRDA:8,0,1,0
BRDA:9,1,0,3
BRDA:9,1,1,0
BRDA:12,2,0,3
BRDA:12,2,1,0
BRDA:12,3,0,3
BRDA:12,3,1,3
BRDA:23,4,0,3
BRDA:23,4,1,0
BRDA:33,5,0,0
BRDA:33,5,1,0
BRF:12
BRH:6
end_of_record
TN:
SF:src/middlewares/validation.js
FN:9,(anonymous_0)
FN:10,(anonymous_1)
FN:18,(anonymous_2)
FNF:3
FNH:3
FNDA:14,(anonymous_0)
FNDA:15,(anonymous_1)
FNDA:2,(anonymous_2)
DA:1,1
DA:2,1
DA:9,1
DA:10,14
DA:11,15
DA:16,15
DA:17,2
DA:18,2
DA:20,2
DA:24,13
DA:25,13
DA:29,1
LF:12
LH:12
BRDA:9,0,0,12
BRDA:16,1,0,2
BRDA:16,1,1,13
BRF:3
BRH:3
end_of_record
TN:
SF:src/routes/audit.routes.js
FNF:0
FNH:0
DA:1,1
DA:2,1
DA:3,1
DA:4,1
DA:7,1
DA:8,1
DA:11,1
DA:13,1
LF:8
LH:8
BRF:0
BRH:0
end_of_record
TN:
SF:src/routes/auth.routes.js
FNF:0
FNH:0
DA:1,1
DA:2,1
DA:3,1
DA:4,1
DA:5,1
DA:6,1
DA:7,1
DA:8,1
DA:11,1
DA:20,1
DA:23,1
DA:32,1
DA:34,1
LF:13
LH:13
BRF:0
BRH:0
end_of_record
TN:
SF:src/routes/department.routes.js
FNF:0
FNH:0
DA:1,1
DA:2,1
DA:3,1
DA:4,1
DA:5,1
DA:9,1
DA:12,1
DA:15,1
DA:27,1
DA:43,1
LF:10
LH:10
BRF:0
BRH:0
end_of_record
TN:
SF:src/routes/doctor.routes.js
FNF:0
FNH:0
DA:1,1
DA:2,1
DA:3,1
DA:4,1
DA:5,1
DA:9,1
DA:12,1
DA:15,1
DA:27,1
DA:43,1
LF:10
LH:10
BRF:0
BRH:0
end_of_record
TN:
SF:src/routes/index.js
FN:22,(anonymous_0)
FNF:1
FNH:0
FNDA:0,(anonymous_0)
DA:1,1
DA:2,1
DA:4,1
DA:5,1
DA:6,1
DA:7,1
DA:8,1
DA:9,1
DA:10,1
DA:13,1
DA:14,1
DA:15,1
DA:16,1
DA:17,1
DA:18,1
DA:19,1
DA:22,1
DA:23,0
DA:30,1
LF:19
LH:18
BRF:0
BRH:0
end_of_record
TN:
SF:src/routes/inventory.routes.js
FNF:0
FNH:0
DA:1,1
DA:2,1
DA:3,1
DA:4,1
DA:5,1
DA:10,1
DA:13,1
DA:16,1
DA:29,1
DA:45,1
LF:10
LH:10
BRF:0
BRH:0
end_of_record
TN:
SF:src/routes/patient.routes.js
FNF:0
FNH:0
DA:1,1
DA:2,1
DA:3,1
DA:4,1
DA:5,1
DA:6,1
DA:11,1
DA:14,1
DA:17,1
DA:31,1
DA:50,1
DA:57,1
LF:12
LH:12
BRF:0
BRH:0
end_of_record
TN:
SF:src/routes/prescription.routes.js
FNF:0
FNH:0
DA:1,1
DA:2,1
DA:3,1
DA:4,1
DA:5,1
DA:6,1
DA:10,1
DA:13,1
DA:16,1
DA:29,1
DA:42,1
LF:11
LH:11
BRF:0
BRH:0
end_of_record
TN:
SF:src/services/audit.service.js
FN:6,(anonymous_0)
FNF:1
FNH:0
FNDA:0,(anonymous_0)
DA:1,1
DA:6,1
DA:15,0
DA:16,0
DA:18,0
DA:28,0
DA:29,0
DA:31,0
DA:32,0
DA:34,0
DA:35,0
DA:37,0
DA:38,0
DA:40,0
DA:41,0
DA:45,0
DA:48,0
DA:53,0
DA:64,1
LF:19
LH:3
BRDA:8,0,0,0
BRDA:9,1,0,0
BRDA:28,2,0,0
BRDA:28,2,1,0
BRDA:31,3,0,0
BRDA:31,3,1,0
BRDA:34,4,0,0
BRDA:34,4,1,0
BRDA:37,5,0,0
BRDA:37,5,1,0
BRDA:40,6,0,0
BRDA:40,6,1,0
BRF:12
BRH:0
end_of_record
TN:
SF:src/services/auth.service.js
FN:10,(anonymous_0)
FN:42,(anonymous_1)
FN:79,(anonymous_2)
FN:90,(anonymous_3)
FNF:4
FNH:1
FNDA:0,(anonymous_0)
FNDA:1,(anonymous_1)
FNDA:0,(anonymous_2)
FNDA:0,(anonymous_3)
DA:1,1
DA:2,1
DA:3,1
DA:4,1
DA:5,1
DA:10,1
DA:11,0
DA:14,0
DA:15,0
DA:16,0
DA:20,0
DA:23,0
DA:31,0
DA:36,0
DA:42,1
DA:44,1
DA:48,1
DA:49,0
DA:53,1
DA:54,1
DA:55,0
DA:59,1
DA:65,1
DA:79,1
DA:80,0
DA:90,1
DA:91,0
DA:92,0
DA:94,0
DA:95,0
DA:98,0
DA:102,0
DA:103,0
DA:107,0
DA:113,0
DA:115,0
DA:116,0
DA:118,0
DA:122,1
LF:39
LH:16
BRDA:15,0,0,0
BRDA:15,0,1,0
BRDA:27,1,0,0
BRDA:27,1,1,0
BRDA:48,2,0,0
BRDA:48,2,1,1
BRDA:54,3,0,0
BRDA:54,3,1,1
BRDA:94,4,0,0
BRDA:94,4,1,0
BRDA:102,5,0,0
BRDA:102,5,1,0
BRDA:115,6,0,0
BRDA:115,6,1,0
BRF:14
BRH:2
end_of_record
TN:
SF:src/services/department.service.js
FN:7,(anonymous_0)
FN:14,(anonymous_1)
FN:27,(anonymous_2)
FN:45,(anonymous_3)
FN:72,(anonymous_4)
FNF:5
FNH:0
FNDA:0,(anonymous_0)
FNDA:0,(anonymous_1)
FNDA:0,(anonymous_2)
FNDA:0,(anonymous_3)
FNDA:0,(anonymous_4)
DA:1,1
DA:2,1
DA:7,1
DA:8,0
DA:14,1
DA:15,0
DA:17,0
DA:18,0
DA:21,0
DA:27,1
DA:29,0
DA:33,0
DA:34,0
DA:37,0
DA:39,0
DA:45,1
DA:46,0
DA:49,0
DA:50,0
DA:54,0
DA:55,0
DA:59,0
DA:66,0
DA:72,1
DA:73,0
DA:76,0
DA:77,0
DA:78,0
DA:84,0
DA:86,0
DA:89,1
LF:31
LH:8
BRDA:17,0,0,0
BRDA:17,0,1,0
BRDA:33,1,0,0
BRDA:33,1,1,0
BRDA:49,2,0,0
BRDA:49,2,1,0
BRDA:49,3,0,0
BRDA:49,3,1,0
BRDA:54,4,0,0
BRDA:54,4,1,0
BRDA:77,5,0,0
BRDA:77,5,1,0
BRF:12
BRH:0
end_of_record
TN:
SF:src/services/doctor.service.js
FN:7,(anonymous_0)
FN:29,(anonymous_1)
FN:54,(anonymous_2)
FN:96,(anonymous_3)
FN:123,(anonymous_4)
FNF:5
FNH:0
FNDA:0,(anonymous_0)
FNDA:0,(anonymous_1)
FNDA:0,(anonymous_2)
FNDA:0,(anonymous_3)
FNDA:0,(anonymous_4)
DA:1,1
DA:2,1
DA:7,1
DA:8,0
DA:29,1
DA:30,0
DA:44,0
DA:45,0
DA:48,0
DA:54,1
DA:56,0
DA:60,0
DA:61,0
DA:64,0
DA:65,0
DA:69,0
DA:73,0
DA:74,0
DA:78,0
DA:79,0
DA:83,0
DA:84,0
DA:88,0
DA:90,0
DA:96,1
DA:97,0
DA:100,0
DA:101,0
DA:105,0
DA:106,0
DA:110,0
DA:117,0
DA:123,1
DA:124,0
DA:127,0
DA:131,0
DA:132,0
DA:138,0
DA:140,0
DA:143,1
LF:40
LH:8
BRDA:44,0,0,0
BRDA:44,0,1,0
BRDA:60,1,0,0
BRDA:60,1,1,0
BRDA:64,2,0,0
BRDA:64,2,1,0
BRDA:73,3,0,0
BRDA:73,3,1,0
BRDA:78,4,0,0
BRDA:78,4,1,0
BRDA:83,5,0,0
BRDA:83,5,1,0
BRDA:100,6,0,0
BRDA:100,6,1,0
BRDA:105,7,0,0
BRDA:105,7,1,0
BRDA:131,8,0,0
BRDA:131,8,1,0
BRF:18
BRH:0
end_of_record
TN:
SF:src/services/inventory.service.js
FN:7,(anonymous_0)
FN:23,(anonymous_1)
FN:69,(anonymous_2)
FN:82,(anonymous_3)
FN:97,(anonymous_4)
FN:121,(anonymous_5)
FNF:6
FNH:0
FNDA:0,(anonymous_0)
FNDA:0,(anonymous_1)
FNDA:0,(anonymous_2)
FNDA:0,(anonymous_3)
FNDA:0,(anonymous_4)
FNDA:0,(anonymous_5)
DA:1,1
DA:2,1
DA:7,1
DA:16,0
DA:17,0
DA:19,0
DA:22,0
DA:23,0
DA:24,0
DA:31,0
DA:32,0
DA:33,0
DA:34,0
DA:40,0
DA:41,0
DA:45,0
DA:46,0
DA:49,0
DA:55,0
DA:69,1
DA:70,0
DA:72,0
DA:73,0
DA:76,0
DA:82,1
DA:84,0
DA:85,0
DA:86,0
DA:89,0
DA:91,0
DA:97,1
DA:98,0
DA:101,0
DA:102,0
DA:103,0
DA:104,0
DA:108,0
DA:115,0
DA:121,1
DA:122,0
DA:125,0
DA:129,0
DA:130,0
DA:136,0
DA:138,0
DA:141,1
LF:46
LH:8
BRDA:9,0,0,0
BRDA:10,1,0,0
BRDA:14,2,0,0
BRDA:15,3,0,0
BRDA:22,4,0,0
BRDA:22,4,1,0
BRDA:31,5,0,0
BRDA:31,5,1,0
BRDA:31,6,0,0
BRDA:31,6,1,0
BRDA:40,7,0,0
BRDA:40,7,1,0
BRDA:40,8,0,0
BRDA:40,8,1,0
BRDA:72,9,0,0
BRDA:72,9,1,0
BRDA:85,10,0,0
BRDA:85,10,1,0
BRDA:101,11,0,0
BRDA:101,11,1,0
BRDA:101,12,0,0
BRDA:101,12,1,0
BRDA:103,13,0,0
BRDA:103,13,1,0
BRDA:129,14,0,0
BRDA:129,14,1,0
BRF:26
BRH:0
end_of_record
TN:
SF:src/services/patient.service.js
FN:8,(anonymous_0)
FN:17,(anonymous_1)
FN:61,(anonymous_2)
FN:76,(anonymous_3)
FN:88,(anonymous_4)
FN:107,(anonymous_5)
FN:123,(anonymous_6)
FNF:7
FNH:5
FNDA:10,(anonymous_0)
FNDA:2,(anonymous_1)
FNDA:5,(anonymous_2)
FNDA:1,(anonymous_3)
FNDA:1,(anonymous_4)
FNDA:0,(anonymous_5)
FNDA:0,(anonymous_6)
DA:1,1
DA:2,1
DA:3,1
DA:8,1
DA:9,10
DA:10,10
DA:12,10
DA:16,10
DA:17,1
DA:18,2
DA:26,10
DA:27,10
DA:30,10
DA:47,10
DA:61,1
DA:62,5
DA:66,5
DA:67,1
DA:70,4
DA:76,1
DA:77,1
DA:80,1
DA:82,1
DA:88,1
DA:89,1
DA:91,1
DA:99,1
DA:101,1
DA:107,1
DA:108,0
DA:110,0
DA:115,0
DA:117,0
DA:123,1
DA:124,0
DA:126,0
DA:141,0
DA:142,0
DA:147,0
DA:153,1
LF:40
LH:31
BRDA:9,0,0,0
BRDA:9,1,0,0
BRDA:9,2,0,0
BRDA:9,3,0,0
BRDA:16,4,0,1
BRDA:16,4,1,9
BRDA:66,5,0,1
BRDA:66,5,1,4
BRF:8
BRH:4
end_of_record
TN:
SF:src/services/prescription.service.js
FN:8,(anonymous_0)
FN:26,(anonymous_1)
FN:88,(anonymous_2)
FN:121,(anonymous_3)
FN:143,(anonymous_4)
FNF:5
FNH:0
FNDA:0,(anonymous_0)
FNDA:0,(anonymous_1)
FNDA:0,(anonymous_2)
FNDA:0,(anonymous_3)
FNDA:0,(anonymous_4)
DA:1,1
DA:2,1
DA:3,1
DA:8,1
DA:9,0
DA:12,0
DA:15,0
DA:16,0
DA:20,0
DA:21,0
DA:22,0
DA:26,0
DA:28,0
DA:36,0
DA:38,0
DA:39,0
DA:43,0
DA:44,0
DA:47,0
DA:48,0
DA:55,0
DA:56,0
DA:63,0
DA:76,0
DA:78,0
DA:82,0
DA:88,1
DA:89,0
DA:101,0
DA:102,0
DA:106,0
DA:115,0
DA:121,1
DA:122,0
DA:123,0
DA:124,0
DA:127,0
DA:135,0
DA:137,0
DA:143,1
DA:144,0
DA:145,0
DA:147,0
DA:153,0
DA:154,0
DA:156,0
DA:157,0
DA:159,0
DA:160,0
DA:164,0
DA:165,0
DA:168,0
DA:184,0
DA:185,0
DA:188,0
DA:191,0
DA:202,1
LF:57
LH:8
BRDA:15,0,0,0
BRDA:15,0,1,0
BRDA:21,1,0,0
BRDA:21,1,1,0
BRDA:32,2,0,0
BRDA:32,2,1,0
BRDA:38,3,0,0
BRDA:38,3,1,0
BRDA:43,4,0,0
BRDA:43,4,1,0
BRDA:47,5,0,0
BRDA:47,5,1,0
BRDA:47,6,0,0
BRDA:47,6,1,0
BRDA:55,7,0,0
BRDA:55,7,1,0
BRDA:65,8,0,0
BRDA:65,8,1,0
BRDA:101,9,0,0
BRDA:101,9,1,0
BRDA:123,10,0,0
BRDA:123,10,1,0
BRDA:144,11,0,0
BRDA:144,12,0,0
BRDA:153,13,0,0
BRDA:153,13,1,0
BRDA:156,14,0,0
BRDA:156,14,1,0
BRDA:159,15,0,0
BRDA:159,15,1,0
BRF:30
BRH:0
end_of_record
TN:
SF:src/utils/AppError.js
FN:5,(anonymous_0)
FNF:1
FNH:1
FNDA:3,(anonymous_0)
DA:6,3
DA:7,3
DA:8,3
DA:9,3
DA:11,3
DA:15,1
LF:6
LH:6
BRDA:5,0,0,0
BRDA:5,1,0,3
BRDA:9,2,0,3
BRDA:9,2,1,0
BRF:4
BRH:2
end_of_record
TN:
SF:src/utils/catchAsync.js
FN:4,(anonymous_0)
FN:5,(anonymous_1)
FNF:2
FNH:2
FNDA:30,(anonymous_0)
FNDA:31,(anonymous_1)
DA:4,1
DA:5,30
DA:6,31
DA:10,1
LF:4
LH:4
BRF:0
BRH:0
end_of_record
TN:
SF:src/utils/logger.js
FNF:0
FNH:0
DA:1,1
DA:2,1
DA:4,1
DA:29,1
LF:4
LH:4
BRDA:6,0,0,1
BRDA:6,0,1,0
BRF:2
BRH:1
end_of_record
TN:
SF:src/validators/auth.validator.js
FNF:0
FNH:0
DA:1,1
DA:3,1
DA:33,1
DA:45,1
LF:4
LH:4
BRF:0
BRH:0
end_of_record
TN:
SF:src/validators/department.validator.js
FNF:0
FNH:0
DA:1,1
DA:3,1
DA:8,1
DA:13,1
LF:4
LH:4
BRF:0
BRH:0
end_of_record
TN:
SF:src/validators/doctor.validator.js
FNF:0
FNH:0
DA:1,1
DA:3,1
DA:11,1
DA:18,1
LF:4
LH:4
BRF:0
BRH:0
end_of_record
TN:
SF:src/validators/inventory.validator.js
FNF:0
FNH:0
DA:1,1
DA:3,1
DA:14,1
DA:25,1
DA:35,1
LF:5
LH:5
BRF:0
BRH:0
end_of_record
TN:
SF:src/validators/patient.validator.js
FNF:0
FNH:0
DA:1,1
DA:3,1
DA:18,1
DA:33,1
DA:41,1
LF:5
LH:5
BRF:0
BRH:0
end_of_record
TN:
SF:src/validators/prescription.validator.js
FNF:0
FNH:0
DA:1,1
DA:3,1
DA:13,1
DA:21,1
DA:26,1
LF:5
LH:5
BRF:0
BRH:0
end_of_record
